TID: [-1234] [] [2020-07-29 11:24:35,903] []  INFO {org.wso2.carbon.core.internal.CarbonCoreActivator} - Starting WSO2 Carbon...
TID: [-1] [] [2020-07-29 11:24:35,903] []  INFO {org.ops4j.pax.logging.spi.support.EventAdminConfigurationNotifier} - Sending Event Admin nofification (configuration successful) to org/ops4j/pax/logging/Configuration
TID: [-1234] [] [2020-07-29 11:24:35,912] []  INFO {org.wso2.carbon.core.internal.CarbonCoreActivator} - Operating System : Windows 10 10.0, amd64
TID: [-1234] [] [2020-07-29 11:24:35,912] []  INFO {org.wso2.carbon.core.internal.CarbonCoreActivator} - Java Home        : C:\Program Files\Java\jdk1.8.0_251\jre
TID: [-1234] [] [2020-07-29 11:24:35,912] []  INFO {org.wso2.carbon.core.internal.CarbonCoreActivator} - Java Version     : 1.8.0_251
TID: [-1234] [] [2020-07-29 11:24:35,913] []  INFO {org.wso2.carbon.core.internal.CarbonCoreActivator} - Java VM          : Java HotSpot(TM) 64-Bit Server VM 25.251-b08,Oracle Corporation
TID: [-1234] [] [2020-07-29 11:24:35,913] []  INFO {org.wso2.carbon.core.internal.CarbonCoreActivator} - Carbon Home      : C:\PROGRA~1\WSO2\IDENTI~1\510~1.0\bin\..
TID: [-1234] [] [2020-07-29 11:24:35,913] []  INFO {org.wso2.carbon.core.internal.CarbonCoreActivator} - Java Temp Dir    : C:\PROGRA~1\WSO2\IDENTI~1\510~1.0\bin\..\tmp
TID: [-1234] [] [2020-07-29 11:24:35,914] []  INFO {org.wso2.carbon.core.internal.CarbonCoreActivator} - User             : sharm, en-IN, Asia/Calcutta
TID: [-1] [] [2020-07-29 11:24:36,046] []  INFO {org.wso2.carbon.crypto.provider.internal.DefaultCryptoProviderComponent} - 'CryptoService.Secret' property has not been set. 'org.wso2.carbon.crypto.provider.SymmetricKeyInternalCryptoProvider' won't be registered as an internal crypto provider. Please set the secret if the provider needs to be registered.
TID: [-1] [] [2020-07-29 11:24:36,139] []  INFO {org.wso2.carbon.event.output.adapter.kafka.internal.ds.KafkaEventAdapterServiceDS} - Successfully deployed the Kafka output event adaptor service
TID: [-1] [] [2020-07-29 11:24:36,475] []  INFO {org.wso2.carbon.identity.oauth.uma.grant.internal.UMA2GrantServiceComponent} - Policy evaluator registered successfully: DefaultPolicyEvaluator
TID: [-1] [] [2020-07-29 11:24:36,476] []  INFO {org.wso2.carbon.identity.oauth.uma.grant.internal.UMA2GrantServiceComponent} - UMA Grant component activated successfully.
TID: [-1234] [] [2020-07-29 11:24:36,844] []  INFO {org.wso2.carbon.ldap.server.configuration.LDAPConfigurationBuilder} - KDC server is disabled.
TID: [-1234] [] [2020-07-29 11:24:39,140] []  INFO {org.apache.directory.server.KERBEROS_LOG} - KeyDerivation Interceptor initialized
TID: [-1] [] [2020-07-29 11:24:39,489] []  INFO {org.wso2.carbon.mex.internal.Office365SupportMexComponent} - Office365Support MexServiceComponent bundle activated successfully..
TID: [-1] [] [2020-07-29 11:24:39,498] []  INFO {org.wso2.carbon.mex2.internal.DynamicCRMCustomMexComponent} - DynamicCRMSupport MexServiceComponent bundle activated successfully.
TID: [-1234] [] [2020-07-29 11:24:40,973] []  INFO {org.wso2.carbon.user.core.ldap.UniqueIDReadWriteLDAPUserStoreManager} - LDAP connection created successfully in read-write mode
TID: [-1234] [] [2020-07-29 11:24:41,082] []  INFO {org.wso2.carbon.consent.mgt.core.internal.ConsentManagerComponent} - ConsentManagerComponent is activated.
TID: [-1234] [] [2020-07-29 11:24:41,664] []  INFO {org.wso2.carbon.registry.core.jdbc.EmbeddedRegistryService} - Configured Registry in 76ms
TID: [-1234] [] [2020-07-29 11:24:41,690] []  INFO {org.wso2.carbon.registry.core.jdbc.EmbeddedRegistryService} - Connected to mount at configregistry in 4ms
TID: [-1234] [] [2020-07-29 11:24:41,692] []  INFO {org.wso2.carbon.registry.core.jdbc.EmbeddedRegistryService} - Connected to mount at govregistry in 6ms
TID: [-1234] [] [2020-07-29 11:24:41,753] []  INFO {org.wso2.carbon.registry.core.jdbc.EmbeddedRegistryService} - Connected to mount at configregistry in 0ms
TID: [-1234] [] [2020-07-29 11:24:41,754] []  INFO {org.wso2.carbon.registry.core.jdbc.EmbeddedRegistryService} - Connected to mount at govregistry in 1ms
TID: [-1234] [] [2020-07-29 11:24:41,762] []  INFO {org.wso2.carbon.registry.core.internal.RegistryCoreServiceComponent} - Registry Mode    : READ-WRITE
TID: [-1234] [] [2020-07-29 11:24:41,823] []  INFO {org.wso2.carbon.metrics.impl.util.JmxReporterBuilder} - Creating JMX reporter for Metrics with domain 'org.wso2.carbon.metrics'
TID: [-1234] [] [2020-07-29 11:24:41,828] []  INFO {org.wso2.carbon.metrics.impl.reporter.AbstractReporter} - Started JMX reporter for Metrics
TID: [-1] [] [2020-07-29 11:24:43,375] []  INFO {org.apache.jasper.servlet.TldScanner} - At least one JAR was scanned for TLDs yet contained no TLDs. Enable debug logging for this logger for a complete list of JARs that were scanned but no TLDs were found in them. Skipping unneeded JARs during scanning can improve startup time and JSP compilation time.
TID: [-1234] [] [2020-07-29 11:24:43,519] []  INFO {org.wso2.carbon.registry.indexing.solr.SolrClient} - Default Embedded Solr Server Initialized
TID: [-1234] [] [2020-07-29 11:24:43,952] []  INFO {org.wso2.carbon.identity.authenticator.x509Certificate.internal.X509CertificateServiceComponent} - X509 Certificate Servlet activated successfully..
TID: [-1234] [] [2020-07-29 11:24:44,256] []  INFO {org.wso2.carbon.user.core.internal.UserStoreMgtDSComponent} - Carbon UserStoreMgtDSComponent activated successfully.
TID: [-1] [] [2020-07-29 11:24:44,312] []  INFO {org.wso2.carbon.attachment.mgt.server.internal.AttachmentServiceComponent} - Initialising Attachment Server
TID: [-1] [] [2020-07-29 11:24:44,485] []  INFO {org.wso2.carbon.attachment.mgt.core.dao.impl.jpa.AbstractJPAVendorAdapter} - [Attachment-Mgt OpenJPA] DB Dictionary: h2
TID: [-1] [] [2020-07-29 11:24:44,487] []  INFO {org.wso2.carbon.attachment.mgt.core.dao.impl.jpa.AbstractJPAVendorAdapter} - [Attachment-Mgt OpenJPA] Generate DDL Enabled.
TID: [-1] [] [2020-07-29 11:24:44,614] []  INFO {org.wso2.carbon.attachment.mgt.server.internal.AttachmentServiceComponent} - Registering AttachmentServerService
TID: [-1] [] [2020-07-29 11:24:44,630] []  INFO {org.wso2.carbon.bpel.core.internal.BPELServiceComponent} - Initializing BPEL Engine........
TID: [-1] [] [2020-07-29 11:24:44,666] []  INFO {org.apache.ode.il.EmbeddedGeronimoFactory} - Using embedded Geronimo transaction manager
TID: [-1] [] [2020-07-29 11:24:44,719] []  INFO {org.apache.ode.il.dbutil.Database} - ODE using external DataSource "bpsds".
TID: [-1] [] [2020-07-29 11:24:44,721] []  INFO {org.wso2.carbon.bpel.core.ode.integration.BPELServerImpl} - Using DAO Connection Factory class: org.apache.ode.dao.jpa.BPELDAOConnectionFactoryImpl
TID: [-1] [] [2020-07-29 11:24:44,724] []  INFO {org.apache.ode.il.dbutil.Database} - Using DAO Connection Factory class org.apache.ode.dao.jpa.BPELDAOConnectionFactoryImpl.
TID: [-1] [] [2020-07-29 11:24:44,887] []  INFO {org.apache.ode.store.jpa.DbConfStoreConnectionFactory} - ProcessStore initializing transaction manager using org.apache.ode.il.EmbeddedGeronimoFactory
TID: [-1] [] [2020-07-29 11:24:44,888] []  INFO {org.apache.ode.il.EmbeddedGeronimoFactory} - Using embedded Geronimo transaction manager
TID: [-1] [] [2020-07-29 11:24:44,915] []  INFO {org.apache.ode.scheduler.simple.JdbcDelegate} - Using database H2 major version 1
TID: [-1] [] [2020-07-29 11:24:44,916] []  INFO {org.apache.ode.scheduler.simple.JdbcDelegate} - Using database dialect: H2
TID: [-1] [] [2020-07-29 11:24:44,935] []  INFO {org.wso2.carbon.bpel.core.ode.integration.BPELServerImpl} - This node is a manager node
TID: [-1] [] [2020-07-29 11:24:44,951] []  INFO {org.wso2.carbon.bpel.core.ode.integration.BPELServerImpl} - Registering E4X Extension...
TID: [-1] [] [2020-07-29 11:24:44,965] []  INFO {org.wso2.carbon.bpel.core.ode.integration.BPELServerImpl} - Registering B4P Extension...
TID: [-1] [] [2020-07-29 11:24:44,981] []  INFO {org.wso2.carbon.bpel.core.ode.integration.BPELServerImpl} - Registering B4P Filter...
TID: [-1] [] [2020-07-29 11:24:44,993] []  INFO {org.apache.ode.bpel.engine.BpelServerImpl} - BPEL Server Started.
TID: [-1] [] [2020-07-29 11:24:44,995] []  INFO {org.wso2.carbon.bpel.core.ode.integration.BPELServerImpl} - Registering MBeans
TID: [-1] [] [2020-07-29 11:24:45,052] []  INFO {org.wso2.carbon.humantask.core.internal.HumanTaskServiceComponent} - Initialising HumanTask Server
TID: [-1] [] [2020-07-29 11:24:45,103] []  INFO {org.apache.ode.il.EmbeddedGeronimoFactory} - Using embedded Geronimo transaction manager
TID: [-1] [] [2020-07-29 11:24:45,124] []  INFO {org.wso2.carbon.humantask.core.dao.jpa.AbstractJPAVendorAdapter} - [HT OpenJPA] DB Dictionary: h2
TID: [-1] [] [2020-07-29 11:24:45,125] []  INFO {org.wso2.carbon.humantask.core.dao.jpa.AbstractJPAVendorAdapter} - [HT OpenJPA] Generate DDL Enabled.
TID: [-1] [] [2020-07-29 11:24:45,163] []  INFO {org.wso2.carbon.humantask.core.internal.HumanTaskServiceComponent} - Registering Axis2ConfigurationContextObserver
TID: [-1] [] [2020-07-29 11:24:45,180] []  INFO {org.wso2.carbon.humantask.core.internal.HumanTaskServiceComponent} - Registering HT related MBeans
TID: [-1] [] [2020-07-29 11:24:45,185] []  INFO {org.wso2.carbon.humantask.core.internal.HumanTaskServiceComponent} - MXBean for Human tasks registered successfully
TID: [-1234] [] [2020-07-29 11:24:46,206] []  INFO {org.wso2.carbon.identity.user.store.configuration.deployer.UserStoreConfigurationDeployer} - User Store Configuration Deployer initiated.
TID: [-1234] [] [2020-07-29 11:24:46,208] []  INFO {org.wso2.carbon.identity.user.store.configuration.deployer.UserStoreConfigurationDeployer} - User Store Configuration Deployer initiated.
TID: [-1234] [] [2020-07-29 11:24:46,214] []  INFO {org.wso2.carbon.bpel.deployer.BPELDeployer} - Initializing BPEL Deployer for tenant -1234.
TID: [-1234] [] [2020-07-29 11:24:46,226] []  INFO {org.wso2.carbon.humantask.deployer.HumanTaskDeployer} - Initializing HumanTask Deployer for tenant -1234.
TID: [-1234] [] [2020-07-29 11:24:46,769] []  INFO {org.apache.axis2.transport.mail.MailTransportSender} - MAILTO Sender started
TID: [-1234] [] [2020-07-29 11:24:46,776] []  WARN {javax.mail} - expected resource not found: /META-INF/javamail.default.address.map
TID: [-1234] [I18nEmailMgtConfigService] [2020-07-29 11:24:47,609] []  INFO {org.wso2.carbon.core.deployment.DeploymentInterceptor} - Deploying Axis2 service: I18nEmailMgtConfigService {super-tenant}
TID: [-1234] [AccountCredentialMgtConfigService] [2020-07-29 11:24:48,800] []  INFO {org.wso2.carbon.core.deployment.DeploymentInterceptor} - Deploying Axis2 service: AccountCredentialMgtConfigService {super-tenant}
TID: [-1234] [UserIdentityManagementAdminService] [2020-07-29 11:24:48,802] []  INFO {org.wso2.carbon.core.deployment.DeploymentInterceptor} - Deploying Axis2 service: UserIdentityManagementAdminService {super-tenant}
TID: [-1234] [UserInformationRecoveryService] [2020-07-29 11:24:48,805] []  INFO {org.wso2.carbon.core.deployment.DeploymentInterceptor} - Deploying Axis2 service: UserInformationRecoveryService {super-tenant}
TID: [-1234] [SAMLQueryService] [2020-07-29 11:24:48,981] []  INFO {org.wso2.carbon.core.deployment.DeploymentInterceptor} - Deploying Axis2 service: SAMLQueryService {super-tenant}
TID: [-1234] [] [2020-07-29 11:24:49,051] []  WARN {org.apache.axis2.description.java2wsdl.DefaultSchemaGenerator} - We don't support method overloading. Ignoring [doSingleLogout]
TID: [-1234] [mex-ut] [2020-07-29 11:24:49,533] []  INFO {org.wso2.carbon.core.deployment.DeploymentInterceptor} - Deploying Axis2 service: mex-ut {super-tenant}
TID: [-1234] [mex-ut2] [2020-07-29 11:24:49,538] []  INFO {org.wso2.carbon.core.deployment.DeploymentInterceptor} - Deploying Axis2 service: mex-ut2 {super-tenant}
TID: [-1234] [wso2carbon-sts] [2020-07-29 11:24:50,280] []  INFO {org.wso2.carbon.core.deployment.DeploymentInterceptor} - Deploying Axis2 service: wso2carbon-sts {super-tenant}
TID: [-1234] [] [2020-07-29 11:24:50,709] []  INFO {org.wso2.carbon.core.init.CarbonServerManager} - Repository       : C:\PROGRA~1\WSO2\IDENTI~1\510~1.0\bin\../repository/deployment/server/
TID: [-1234] [] [2020-07-29 11:24:50,751] []  INFO {org.wso2.carbon.core.multitenancy.eager.TenantLoadingConfig} - Using tenant lazy loading policy...
TID: [-1234] [] [2020-07-29 11:24:50,768] []  INFO {org.wso2.carbon.core.internal.permission.update.PermissionUpdater} - Permission cache updated for tenant -1234
TID: [-1234] [] [2020-07-29 11:24:51,767] []  INFO {org.wso2.carbon.user.core.internal.UserStoreMgtDSComponent} - Claim manager set for class org.wso2.carbon.user.core.common.DefaultRealm
TID: [-1234] [] [2020-07-29 11:24:51,773] []  INFO {org.wso2.carbon.user.core.internal.UserStoreMgtDSComponent} - Claim manager set for class org.wso2.carbon.user.core.ldap.UniqueIDReadWriteLDAPUserStoreManager
TID: [-1] [] [2020-07-29 11:24:51,909] []  INFO {org.wso2.carbon.identity.entitlement.internal.SchemaBuilder} - XACML policy schema loaded successfully.
TID: [-1234] [] [2020-07-29 11:24:51,909] []  INFO {org.wso2.balana.ConfigurationStore} - Loading runtime configuration
TID: [-1234] [] [2020-07-29 11:24:52,163] []  INFO {org.wso2.carbon.identity.oauth.uma.xacml.service.internal.AppUMAServiceComponents} - XACML UMA Handler activated successfully.
TID: [-1234] [] [2020-07-29 11:24:52,324] []  INFO {org.wso2.carbon.identity.oauth.config.OAuthServerConfiguration} - The default OAuth token issuer will be used. No custom token generator is set.
TID: [-1234] [] [2020-07-29 11:24:52,359] []  INFO {org.wso2.identity.apps.common.internal.AppsCommonServiceComponent} - Identity apps common service component activated successfully.
TID: [-1234] [] [2020-07-29 11:24:52,413] []  INFO {org.wso2.carbon.identity.oauth2.internal.OAuth2ServiceComponent} - PKCE Support enabled.
TID: [-1234] [] [2020-07-29 11:24:52,856] []  WARN {org.wso2.carbon.identity.event.internal.IdentityEventServiceComponent} - Properties for userOperationDataDASPublisher is not configured. This event handler will not be activated
TID: [-1234] [] [2020-07-29 11:24:53,386] []  INFO {org.wso2.carbon.identity.local.auth.api.core.internal.AuthAPIServiceComponent} - Auth API Service Component  is activated.
TID: [-1234] [] [2020-07-29 11:24:54,131] []  INFO {org.wso2.carbon.identity.application.authentication.framework.store.SessionDataStore} - Thread pool size for temporary authentication context data delete task: 20
TID: [-1234] [] [2020-07-29 11:24:55,252] []  INFO {org.wso2.carbon.event.publisher.core.EventPublisherDeployer} - Event Publisher deployment held back and in inactive state :EmailPublisher.xml, Stream validation exception : Stream id_gov_notify_stream:1.0.0 does not exist
TID: [-1234] [] [2020-07-29 11:24:55,255] []  INFO {org.wso2.carbon.event.publisher.core.EventPublisherDeployer} - Event Publisher deployment held back and in inactive state :IsAnalytics-Publisher-wso2event-AuthenticationData.xml, Stream validation exception : Stream org.wso2.is.analytics.stream.OverallAuthentication:1.0.0 does not exist
TID: [-1234] [] [2020-07-29 11:24:55,258] []  INFO {org.wso2.carbon.event.publisher.core.EventPublisherDeployer} - Event Publisher deployment held back and in inactive state :IsAnalytics-Publisher-wso2event-OauthTokenIssueRefresh.xml, Stream validation exception : Stream org.wso2.is.analytics.stream.OauthTokenIssuance:1.0.0 does not exist
TID: [-1234] [] [2020-07-29 11:24:55,262] []  INFO {org.wso2.carbon.event.publisher.core.EventPublisherDeployer} - Event Publisher deployment held back and in inactive state :IsAnalytics-Publisher-wso2event-OauthTokenRevocation.xml, Stream validation exception : Stream org.wso2.is.analytics.stream.OauthTokenRevocation:1.0.0 does not exist
TID: [-1234] [] [2020-07-29 11:24:55,266] []  INFO {org.wso2.carbon.event.publisher.core.EventPublisherDeployer} - Event Publisher deployment held back and in inactive state :IsAnalytics-Publisher-wso2event-OauthTokenValidation.xml, Stream validation exception : Stream org.wso2.is.analytics.stream.OauthTokenValidation:1.0.0 does not exist
TID: [-1234] [] [2020-07-29 11:24:55,269] []  INFO {org.wso2.carbon.event.publisher.core.EventPublisherDeployer} - Event Publisher deployment held back and in inactive state :IsAnalytics-Publisher-wso2event-RoleData.xml, Stream validation exception : Stream org.wso2.is.analytics.stream.OverallRoleData:1.0.0 does not exist
TID: [-1234] [] [2020-07-29 11:24:55,272] []  INFO {org.wso2.carbon.event.publisher.core.EventPublisherDeployer} - Event Publisher deployment held back and in inactive state :IsAnalytics-Publisher-wso2event-SessionData.xml, Stream validation exception : Stream org.wso2.is.analytics.stream.OverallSession:1.0.0 does not exist
TID: [-1234] [] [2020-07-29 11:24:55,275] []  INFO {org.wso2.carbon.event.publisher.core.EventPublisherDeployer} - Event Publisher deployment held back and in inactive state :IsAnalytics-Publisher-wso2event-UserData.xml, Stream validation exception : Stream org.wso2.is.analytics.stream.OverallUserData:1.0.0 does not exist
TID: [-1234] [] [2020-07-29 11:24:55,285] []  INFO {org.wso2.carbon.event.publisher.core.EventPublisherDeployer} - Event Publisher undeployed successfully : EmailPublisher.xml
TID: [-1234] [] [2020-07-29 11:24:55,293] []  INFO {org.wso2.carbon.event.stream.core.internal.EventJunction} - WSO2EventConsumer added to the junction. Stream:id_gov_notify_stream:1.0.0
TID: [-1234] [] [2020-07-29 11:24:55,298] []  INFO {org.wso2.carbon.event.publisher.core.EventPublisherDeployer} - Event Publisher configuration successfully deployed and in active state : EmailPublisher
TID: [-1234] [] [2020-07-29 11:24:55,299] []  INFO {org.wso2.carbon.event.stream.core.EventStreamDeployer} - Stream definition is deployed successfully  : id_gov_notify_stream:1.0.0
TID: [-1234] [] [2020-07-29 11:24:55,300] []  INFO {org.wso2.carbon.event.stream.core.EventStreamDeployer} - Stream definition is deployed successfully  : id_gov_sms_notify_stream:1.0.0
TID: [-1234] [] [2020-07-29 11:24:55,303] []  INFO {org.wso2.carbon.event.publisher.core.EventPublisherDeployer} - Event Publisher undeployed successfully : IsAnalytics-Publisher-wso2event-OauthTokenIssueRefresh.xml
TID: [-1234] [] [2020-07-29 11:24:55,520] []  INFO {org.wso2.carbon.event.stream.core.internal.EventJunction} - WSO2EventConsumer added to the junction. Stream:org.wso2.is.analytics.stream.OauthTokenIssuance:1.0.0
TID: [-1234] [] [2020-07-29 11:24:55,525] []  INFO {org.wso2.carbon.event.publisher.core.EventPublisherDeployer} - Event Publisher configuration successfully deployed and in active state : IsAnalytics-Publisher-wso2event-OauthTokenIssueRefresh
TID: [-1234] [] [2020-07-29 11:24:55,527] []  INFO {org.wso2.carbon.event.stream.core.EventStreamDeployer} - Stream definition is deployed successfully  : org.wso2.is.analytics.stream.OauthTokenIssuance:1.0.0
TID: [-1234] [] [2020-07-29 11:24:55,531] []  INFO {org.wso2.carbon.event.publisher.core.EventPublisherDeployer} - Event Publisher undeployed successfully : IsAnalytics-Publisher-wso2event-OauthTokenRevocation.xml
TID: [-1234] [] [2020-07-29 11:24:55,543] []  INFO {org.wso2.carbon.event.stream.core.internal.EventJunction} - WSO2EventConsumer added to the junction. Stream:org.wso2.is.analytics.stream.OauthTokenRevocation:1.0.0
TID: [-1234] [] [2020-07-29 11:24:55,546] []  INFO {org.wso2.carbon.event.publisher.core.EventPublisherDeployer} - Event Publisher configuration successfully deployed and in active state : IsAnalytics-Publisher-wso2event-OauthTokenRevocation
TID: [-1234] [] [2020-07-29 11:24:55,547] []  INFO {org.wso2.carbon.event.stream.core.EventStreamDeployer} - Stream definition is deployed successfully  : org.wso2.is.analytics.stream.OauthTokenRevocation:1.0.0
TID: [-1234] [] [2020-07-29 11:24:55,549] []  INFO {org.wso2.carbon.event.publisher.core.EventPublisherDeployer} - Event Publisher undeployed successfully : IsAnalytics-Publisher-wso2event-OauthTokenValidation.xml
TID: [-1234] [] [2020-07-29 11:24:55,563] []  INFO {org.wso2.carbon.event.stream.core.internal.EventJunction} - WSO2EventConsumer added to the junction. Stream:org.wso2.is.analytics.stream.OauthTokenValidation:1.0.0
TID: [-1234] [] [2020-07-29 11:24:55,565] []  INFO {org.wso2.carbon.event.publisher.core.EventPublisherDeployer} - Event Publisher configuration successfully deployed and in active state : IsAnalytics-Publisher-wso2event-OauthTokenValidation
TID: [-1234] [] [2020-07-29 11:24:55,565] []  INFO {org.wso2.carbon.event.stream.core.EventStreamDeployer} - Stream definition is deployed successfully  : org.wso2.is.analytics.stream.OauthTokenValidation:1.0.0
TID: [-1234] [] [2020-07-29 11:24:55,567] []  INFO {org.wso2.carbon.event.publisher.core.EventPublisherDeployer} - Event Publisher undeployed successfully : IsAnalytics-Publisher-wso2event-AuthenticationData.xml
TID: [-1234] [] [2020-07-29 11:24:55,580] []  INFO {org.wso2.carbon.event.stream.core.internal.EventJunction} - WSO2EventConsumer added to the junction. Stream:org.wso2.is.analytics.stream.OverallAuthentication:1.0.0
TID: [-1234] [] [2020-07-29 11:24:55,581] []  INFO {org.wso2.carbon.event.publisher.core.EventPublisherDeployer} - Event Publisher configuration successfully deployed and in active state : IsAnalytics-Publisher-wso2event-AuthenticationData
TID: [-1234] [] [2020-07-29 11:24:55,581] []  INFO {org.wso2.carbon.event.stream.core.EventStreamDeployer} - Stream definition is deployed successfully  : org.wso2.is.analytics.stream.OverallAuthentication:1.0.0
TID: [-1234] [] [2020-07-29 11:24:55,584] []  INFO {org.wso2.carbon.event.publisher.core.EventPublisherDeployer} - Event Publisher undeployed successfully : IsAnalytics-Publisher-wso2event-RoleData.xml
TID: [-1234] [] [2020-07-29 11:24:55,590] []  INFO {org.wso2.carbon.event.stream.core.internal.EventJunction} - WSO2EventConsumer added to the junction. Stream:org.wso2.is.analytics.stream.OverallRoleData:1.0.0
TID: [-1234] [] [2020-07-29 11:24:55,591] []  INFO {org.wso2.carbon.event.publisher.core.EventPublisherDeployer} - Event Publisher configuration successfully deployed and in active state : IsAnalytics-Publisher-wso2event-RoleData
TID: [-1234] [] [2020-07-29 11:24:55,591] []  INFO {org.wso2.carbon.event.stream.core.EventStreamDeployer} - Stream definition is deployed successfully  : org.wso2.is.analytics.stream.OverallRoleData:1.0.0
TID: [-1234] [] [2020-07-29 11:24:55,595] []  INFO {org.wso2.carbon.event.publisher.core.EventPublisherDeployer} - Event Publisher undeployed successfully : IsAnalytics-Publisher-wso2event-SessionData.xml
TID: [-1234] [] [2020-07-29 11:24:55,603] []  INFO {org.wso2.carbon.event.stream.core.internal.EventJunction} - WSO2EventConsumer added to the junction. Stream:org.wso2.is.analytics.stream.OverallSession:1.0.0
TID: [-1234] [] [2020-07-29 11:24:55,604] []  INFO {org.wso2.carbon.event.publisher.core.EventPublisherDeployer} - Event Publisher configuration successfully deployed and in active state : IsAnalytics-Publisher-wso2event-SessionData
TID: [-1234] [] [2020-07-29 11:24:55,605] []  INFO {org.wso2.carbon.event.stream.core.EventStreamDeployer} - Stream definition is deployed successfully  : org.wso2.is.analytics.stream.OverallSession:1.0.0
TID: [-1234] [] [2020-07-29 11:24:55,609] []  INFO {org.wso2.carbon.event.publisher.core.EventPublisherDeployer} - Event Publisher undeployed successfully : IsAnalytics-Publisher-wso2event-UserData.xml
TID: [-1234] [] [2020-07-29 11:24:55,617] []  INFO {org.wso2.carbon.event.stream.core.internal.EventJunction} - WSO2EventConsumer added to the junction. Stream:org.wso2.is.analytics.stream.OverallUserData:1.0.0
TID: [-1234] [] [2020-07-29 11:24:55,618] []  INFO {org.wso2.carbon.event.publisher.core.EventPublisherDeployer} - Event Publisher configuration successfully deployed and in active state : IsAnalytics-Publisher-wso2event-UserData
TID: [-1234] [] [2020-07-29 11:24:55,619] []  INFO {org.wso2.carbon.event.stream.core.EventStreamDeployer} - Stream definition is deployed successfully  : org.wso2.is.analytics.stream.OverallUserData:1.0.0
TID: [-1234] [STRATOS_ROOT] [2020-07-29 11:24:56,303] []  INFO {org.apache.jasper.servlet.TldScanner} - At least one JAR was scanned for TLDs yet contained no TLDs. Enable debug logging for this logger for a complete list of JARs that were scanned but no TLDs were found in them. Skipping unneeded JARs during scanning can improve startup time and JSP compilation time.
TID: [-1234] [STRATOS_ROOT] [2020-07-29 11:24:56,323] []  INFO {org.wso2.carbon.webapp.mgt.TomcatGenericWebappsDeployer} - Deployed webapp: StandardEngine[Catalina].StandardHost[localhost].StandardContext[/STRATOS_ROOT].File[C:\PROGRA~1\WSO2\IDENTI~1\510~1.0\bin\..\repository\deployment\server\webapps\STRATOS_ROOT]
TID: [-1234] [accountrecoveryendpoint] [2020-07-29 11:24:57,746] []  INFO {org.apache.jasper.servlet.TldScanner} - At least one JAR was scanned for TLDs yet contained no TLDs. Enable debug logging for this logger for a complete list of JARs that were scanned but no TLDs were found in them. Skipping unneeded JARs during scanning can improve startup time and JSP compilation time.
TID: [-1234] [accountrecoveryendpoint] [2020-07-29 11:24:58,080] []  INFO {org.wso2.carbon.webapp.mgt.TomcatGenericWebappsDeployer} - Deployed webapp: StandardEngine[Catalina].StandardHost[localhost].StandardContext[/accountrecoveryendpoint].File[C:\PROGRA~1\WSO2\IDENTI~1\510~1.0\bin\..\repository\deployment\server\webapps\accountrecoveryendpoint]
TID: [-1234] [api] [2020-07-29 11:24:59,600] []  INFO {org.apache.jasper.servlet.TldScanner} - At least one JAR was scanned for TLDs yet contained no TLDs. Enable debug logging for this logger for a complete list of JARs that were scanned but no TLDs were found in them. Skipping unneeded JARs during scanning can improve startup time and JSP compilation time.
TID: [-1234] [api] [2020-07-29 11:25:03,624] []  INFO {org.hibernate.validator.internal.util.Version} - HV000001: Hibernate Validator 6.0.17.Final
TID: [-1234] [api] [2020-07-29 11:25:05,690] []  INFO {org.wso2.carbon.webapp.mgt.TomcatGenericWebappsDeployer} - Deployed webapp: StandardEngine[Catalina].StandardHost[localhost].StandardContext[/api].File[C:\PROGRA~1\WSO2\IDENTI~1\510~1.0\bin\..\repository\deployment\server\webapps\api]
TID: [-1234] [api#health-check#v1.0] [2020-07-29 11:25:06,485] []  INFO {org.apache.jasper.servlet.TldScanner} - At least one JAR was scanned for TLDs yet contained no TLDs. Enable debug logging for this logger for a complete list of JARs that were scanned but no TLDs were found in them. Skipping unneeded JARs during scanning can improve startup time and JSP compilation time.
TID: [-1234] [api#health-check#v1.0] [2020-07-29 11:25:07,851] []  INFO {org.wso2.carbon.webapp.mgt.TomcatGenericWebappsDeployer} - Deployed webapp: StandardEngine[Catalina].StandardHost[localhost].StandardContext[/api/health-check/v1.0].File[C:\PROGRA~1\WSO2\IDENTI~1\510~1.0\bin\..\repository\deployment\server\webapps\api#health-check#v1.0.war]
TID: [-1234] [api#identity#auth#v1.1] [2020-07-29 11:25:08,643] []  INFO {org.apache.jasper.servlet.TldScanner} - At least one JAR was scanned for TLDs yet contained no TLDs. Enable debug logging for this logger for a complete list of JARs that were scanned but no TLDs were found in them. Skipping unneeded JARs during scanning can improve startup time and JSP compilation time.
TID: [-1234] [api#identity#auth#v1.1] [2020-07-29 11:25:09,894] []  INFO {org.wso2.carbon.webapp.mgt.TomcatGenericWebappsDeployer} - Deployed webapp: StandardEngine[Catalina].StandardHost[localhost].StandardContext[/api/identity/auth/v1.1].File[C:\PROGRA~1\WSO2\IDENTI~1\510~1.0\bin\..\repository\deployment\server\webapps\api#identity#auth#v1.1.war]
TID: [-1234] [api#identity#config-mgt#v1.0] [2020-07-29 11:25:10,840] []  INFO {org.apache.jasper.servlet.TldScanner} - At least one JAR was scanned for TLDs yet contained no TLDs. Enable debug logging for this logger for a complete list of JARs that were scanned but no TLDs were found in them. Skipping unneeded JARs during scanning can improve startup time and JSP compilation time.
TID: [-1234] [api#identity#config-mgt#v1.0] [2020-07-29 11:25:12,362] []  INFO {org.wso2.carbon.webapp.mgt.TomcatGenericWebappsDeployer} - Deployed webapp: StandardEngine[Catalina].StandardHost[localhost].StandardContext[/api/identity/config-mgt/v1.0].File[C:\PROGRA~1\WSO2\IDENTI~1\510~1.0\bin\..\repository\deployment\server\webapps\api#identity#config-mgt#v1.0.war]
TID: [-1234] [api#identity#consent-mgt#v1.0] [2020-07-29 11:25:13,149] []  INFO {org.apache.jasper.servlet.TldScanner} - At least one JAR was scanned for TLDs yet contained no TLDs. Enable debug logging for this logger for a complete list of JARs that were scanned but no TLDs were found in them. Skipping unneeded JARs during scanning can improve startup time and JSP compilation time.
TID: [-1234] [api#identity#consent-mgt#v1.0] [2020-07-29 11:25:14,350] []  INFO {org.wso2.carbon.webapp.mgt.TomcatGenericWebappsDeployer} - Deployed webapp: StandardEngine[Catalina].StandardHost[localhost].StandardContext[/api/identity/consent-mgt/v1.0].File[C:\PROGRA~1\WSO2\IDENTI~1\510~1.0\bin\..\repository\deployment\server\webapps\api#identity#consent-mgt#v1.0.war]
TID: [-1234] [api#identity#entitlement] [2020-07-29 11:25:15,137] []  INFO {org.apache.jasper.servlet.TldScanner} - At least one JAR was scanned for TLDs yet contained no TLDs. Enable debug logging for this logger for a complete list of JARs that were scanned but no TLDs were found in them. Skipping unneeded JARs during scanning can improve startup time and JSP compilation time.
TID: [-1234] [api#identity#entitlement] [2020-07-29 11:25:16,434] []  INFO {org.reflections.Reflections} - Reflections took 94 ms to scan 1 urls, producing 50 keys and 77 values 
TID: [-1234] [api#identity#entitlement] [2020-07-29 11:25:17,020] []  INFO {org.wso2.carbon.webapp.mgt.TomcatGenericWebappsDeployer} - Deployed webapp: StandardEngine[Catalina].StandardHost[localhost].StandardContext[/api/identity/entitlement].File[C:\PROGRA~1\WSO2\IDENTI~1\510~1.0\bin\..\repository\deployment\server\webapps\api#identity#entitlement.war]
TID: [-1234] [api#identity#oauth2#dcr#v1.1] [2020-07-29 11:25:17,811] []  INFO {org.apache.jasper.servlet.TldScanner} - At least one JAR was scanned for TLDs yet contained no TLDs. Enable debug logging for this logger for a complete list of JARs that were scanned but no TLDs were found in them. Skipping unneeded JARs during scanning can improve startup time and JSP compilation time.
TID: [-1234] [api#identity#oauth2#dcr#v1.1] [2020-07-29 11:25:19,048] []  INFO {org.wso2.carbon.webapp.mgt.TomcatGenericWebappsDeployer} - Deployed webapp: StandardEngine[Catalina].StandardHost[localhost].StandardContext[/api/identity/oauth2/dcr/v1.1].File[C:\PROGRA~1\WSO2\IDENTI~1\510~1.0\bin\..\repository\deployment\server\webapps\api#identity#oauth2#dcr#v1.1.war]
TID: [-1234] [api#identity#oauth2#uma#permission#v1.0] [2020-07-29 11:25:19,788] []  INFO {org.apache.jasper.servlet.TldScanner} - At least one JAR was scanned for TLDs yet contained no TLDs. Enable debug logging for this logger for a complete list of JARs that were scanned but no TLDs were found in them. Skipping unneeded JARs during scanning can improve startup time and JSP compilation time.
TID: [-1234] [api#identity#oauth2#uma#permission#v1.0] [2020-07-29 11:25:20,989] []  INFO {org.wso2.carbon.webapp.mgt.TomcatGenericWebappsDeployer} - Deployed webapp: StandardEngine[Catalina].StandardHost[localhost].StandardContext[/api/identity/oauth2/uma/permission/v1.0].File[C:\PROGRA~1\WSO2\IDENTI~1\510~1.0\bin\..\repository\deployment\server\webapps\api#identity#oauth2#uma#permission#v1.0.war]
TID: [-1234] [api#identity#oauth2#uma#resourceregistration#v1.0] [2020-07-29 11:25:21,784] []  INFO {org.apache.jasper.servlet.TldScanner} - At least one JAR was scanned for TLDs yet contained no TLDs. Enable debug logging for this logger for a complete list of JARs that were scanned but no TLDs were found in them. Skipping unneeded JARs during scanning can improve startup time and JSP compilation time.
TID: [-1234] [api#identity#oauth2#uma#resourceregistration#v1.0] [2020-07-29 11:25:22,927] []  INFO {org.wso2.carbon.webapp.mgt.TomcatGenericWebappsDeployer} - Deployed webapp: StandardEngine[Catalina].StandardHost[localhost].StandardContext[/api/identity/oauth2/uma/resourceregistration/v1.0].File[C:\PROGRA~1\WSO2\IDENTI~1\510~1.0\bin\..\repository\deployment\server\webapps\api#identity#oauth2#uma#resourceregistration#v1.0.war]
TID: [-1234] [api#identity#oauth2#v1.0] [2020-07-29 11:25:23,686] []  INFO {org.apache.jasper.servlet.TldScanner} - At least one JAR was scanned for TLDs yet contained no TLDs. Enable debug logging for this logger for a complete list of JARs that were scanned but no TLDs were found in them. Skipping unneeded JARs during scanning can improve startup time and JSP compilation time.
TID: [-1234] [api#identity#oauth2#v1.0] [2020-07-29 11:25:24,966] []  INFO {org.wso2.carbon.webapp.mgt.TomcatGenericWebappsDeployer} - Deployed webapp: StandardEngine[Catalina].StandardHost[localhost].StandardContext[/api/identity/oauth2/v1.0].File[C:\PROGRA~1\WSO2\IDENTI~1\510~1.0\bin\..\repository\deployment\server\webapps\api#identity#oauth2#v1.0.war]
TID: [-1234] [api#identity#recovery#v0.9] [2020-07-29 11:25:25,729] []  INFO {org.apache.jasper.servlet.TldScanner} - At least one JAR was scanned for TLDs yet contained no TLDs. Enable debug logging for this logger for a complete list of JARs that were scanned but no TLDs were found in them. Skipping unneeded JARs during scanning can improve startup time and JSP compilation time.
TID: [-1234] [api#identity#recovery#v0.9] [2020-07-29 11:25:26,914] []  INFO {org.wso2.carbon.webapp.mgt.TomcatGenericWebappsDeployer} - Deployed webapp: StandardEngine[Catalina].StandardHost[localhost].StandardContext[/api/identity/recovery/v0.9].File[C:\PROGRA~1\WSO2\IDENTI~1\510~1.0\bin\..\repository\deployment\server\webapps\api#identity#recovery#v0.9.war]
TID: [-1234] [api#identity#template#mgt#v1.0.0] [2020-07-29 11:25:27,658] []  INFO {org.apache.jasper.servlet.TldScanner} - At least one JAR was scanned for TLDs yet contained no TLDs. Enable debug logging for this logger for a complete list of JARs that were scanned but no TLDs were found in them. Skipping unneeded JARs during scanning can improve startup time and JSP compilation time.
TID: [-1234] [api#identity#template#mgt#v1.0.0] [2020-07-29 11:25:28,387] []  INFO {org.wso2.carbon.webapp.mgt.TomcatGenericWebappsDeployer} - Deployed webapp: StandardEngine[Catalina].StandardHost[localhost].StandardContext[/api/identity/template/mgt/v1.0.0].File[C:\PROGRA~1\WSO2\IDENTI~1\510~1.0\bin\..\repository\deployment\server\webapps\api#identity#template#mgt#v1.0.0.war]
TID: [-1234] [api#identity#user#v1.0] [2020-07-29 11:25:29,172] []  INFO {org.apache.jasper.servlet.TldScanner} - At least one JAR was scanned for TLDs yet contained no TLDs. Enable debug logging for this logger for a complete list of JARs that were scanned but no TLDs were found in them. Skipping unneeded JARs during scanning can improve startup time and JSP compilation time.
TID: [-1234] [api#identity#user#v1.0] [2020-07-29 11:25:30,377] []  INFO {org.wso2.carbon.webapp.mgt.TomcatGenericWebappsDeployer} - Deployed webapp: StandardEngine[Catalina].StandardHost[localhost].StandardContext[/api/identity/user/v1.0].File[C:\PROGRA~1\WSO2\IDENTI~1\510~1.0\bin\..\repository\deployment\server\webapps\api#identity#user#v1.0.war]
TID: [-1234] [api#users#v2#me#webauthn] [2020-07-29 11:25:31,178] []  INFO {org.apache.jasper.servlet.TldScanner} - At least one JAR was scanned for TLDs yet contained no TLDs. Enable debug logging for this logger for a complete list of JARs that were scanned but no TLDs were found in them. Skipping unneeded JARs during scanning can improve startup time and JSP compilation time.
TID: [-1234] [api#users#v2#me#webauthn] [2020-07-29 11:25:32,265] []  INFO {org.wso2.carbon.webapp.mgt.TomcatGenericWebappsDeployer} - Deployed webapp: StandardEngine[Catalina].StandardHost[localhost].StandardContext[/api/users/v2/me/webauthn].File[C:\PROGRA~1\WSO2\IDENTI~1\510~1.0\bin\..\repository\deployment\server\webapps\api#users#v2#me#webauthn.war]
TID: [-1234] [authenticationendpoint] [2020-07-29 11:25:33,150] []  INFO {org.apache.jasper.servlet.TldScanner} - At least one JAR was scanned for TLDs yet contained no TLDs. Enable debug logging for this logger for a complete list of JARs that were scanned but no TLDs were found in them. Skipping unneeded JARs during scanning can improve startup time and JSP compilation time.
TID: [-1234] [authenticationendpoint] [2020-07-29 11:25:33,168] []  INFO {org.wso2.carbon.identity.application.authentication.endpoint.util.TenantDataManager} - EndpointConfig.properties file loaded from ./repository/conf/identity/EndpointConfig.properties
TID: [-1234] [authenticationendpoint] [2020-07-29 11:25:33,172] []  INFO {org.wso2.carbon.identity.application.authentication.endpoint.util.MutualSSLManager} - EndpointConfig.properties file loaded from ./repository/conf/identity/EndpointConfig.properties
TID: [-1234] [authenticationendpoint] [2020-07-29 11:25:33,223] []  INFO {org.wso2.carbon.identity.application.authentication.endpoint.util.EndpointConfigManager} - EndpointConfig.properties file loaded from ./repository/conf/identity/EndpointConfig.properties
TID: [-1234] [authenticationendpoint] [2020-07-29 11:25:33,439] []  INFO {org.wso2.carbon.webapp.mgt.TomcatGenericWebappsDeployer} - Deployed webapp: StandardEngine[Catalina].StandardHost[localhost].StandardContext[/authenticationendpoint].File[C:\PROGRA~1\WSO2\IDENTI~1\510~1.0\bin\..\repository\deployment\server\webapps\authenticationendpoint]
TID: [-1234] [emailotpauthenticationendpoint] [2020-07-29 11:25:34,128] []  INFO {org.apache.jasper.servlet.TldScanner} - At least one JAR was scanned for TLDs yet contained no TLDs. Enable debug logging for this logger for a complete list of JARs that were scanned but no TLDs were found in them. Skipping unneeded JARs during scanning can improve startup time and JSP compilation time.
TID: [-1234] [emailotpauthenticationendpoint] [2020-07-29 11:25:34,141] []  INFO {org.wso2.carbon.webapp.mgt.TomcatGenericWebappsDeployer} - Deployed webapp: StandardEngine[Catalina].StandardHost[localhost].StandardContext[/emailotpauthenticationendpoint].File[C:\PROGRA~1\WSO2\IDENTI~1\510~1.0\bin\..\repository\deployment\server\webapps\emailotpauthenticationendpoint.war]
TID: [-1234] [mex] [2020-07-29 11:25:34,737] []  INFO {org.apache.jasper.servlet.TldScanner} - At least one JAR was scanned for TLDs yet contained no TLDs. Enable debug logging for this logger for a complete list of JARs that were scanned but no TLDs were found in them. Skipping unneeded JARs during scanning can improve startup time and JSP compilation time.
TID: [-1234] [mex] [2020-07-29 11:25:34,739] []  INFO {org.wso2.carbon.webapp.mgt.TomcatGenericWebappsDeployer} - Deployed webapp: StandardEngine[Catalina].StandardHost[localhost].StandardContext[/mex].File[C:\PROGRA~1\WSO2\IDENTI~1\510~1.0\bin\..\repository\deployment\server\webapps\mex]
TID: [-1234] [mexut] [2020-07-29 11:25:35,352] []  INFO {org.apache.jasper.servlet.TldScanner} - At least one JAR was scanned for TLDs yet contained no TLDs. Enable debug logging for this logger for a complete list of JARs that were scanned but no TLDs were found in them. Skipping unneeded JARs during scanning can improve startup time and JSP compilation time.
TID: [-1234] [mexut] [2020-07-29 11:25:36,870] []  INFO {org.wso2.carbon.webapp.mgt.TomcatGenericWebappsDeployer} - Deployed webapp: StandardEngine[Catalina].StandardHost[localhost].StandardContext[/mexut].File[C:\PROGRA~1\WSO2\IDENTI~1\510~1.0\bin\..\repository\deployment\server\webapps\mexut.war]
TID: [-1234] [oauth2] [2020-07-29 11:25:37,597] []  INFO {org.apache.jasper.servlet.TldScanner} - At least one JAR was scanned for TLDs yet contained no TLDs. Enable debug logging for this logger for a complete list of JARs that were scanned but no TLDs were found in them. Skipping unneeded JARs during scanning can improve startup time and JSP compilation time.
TID: [-1234] [oauth2] [2020-07-29 11:25:39,032] []  INFO {org.wso2.carbon.webapp.mgt.TomcatGenericWebappsDeployer} - Deployed webapp: StandardEngine[Catalina].StandardHost[localhost].StandardContext[/oauth2].File[C:\PROGRA~1\WSO2\IDENTI~1\510~1.0\bin\..\repository\deployment\server\webapps\oauth2.war]
TID: [-1234] [scim2] [2020-07-29 11:25:39,664] []  INFO {org.apache.jasper.servlet.TldScanner} - At least one JAR was scanned for TLDs yet contained no TLDs. Enable debug logging for this logger for a complete list of JARs that were scanned but no TLDs were found in them. Skipping unneeded JARs during scanning can improve startup time and JSP compilation time.
TID: [-1234] [scim2] [2020-07-29 11:25:40,816] []  INFO {org.wso2.carbon.webapp.mgt.TomcatGenericWebappsDeployer} - Deployed webapp: StandardEngine[Catalina].StandardHost[localhost].StandardContext[/scim2].File[C:\PROGRA~1\WSO2\IDENTI~1\510~1.0\bin\..\repository\deployment\server\webapps\scim2.war]
TID: [-1234] [smsotpauthenticationendpoint] [2020-07-29 11:25:41,423] []  INFO {org.apache.jasper.servlet.TldScanner} - At least one JAR was scanned for TLDs yet contained no TLDs. Enable debug logging for this logger for a complete list of JARs that were scanned but no TLDs were found in them. Skipping unneeded JARs during scanning can improve startup time and JSP compilation time.
TID: [-1234] [smsotpauthenticationendpoint] [2020-07-29 11:25:41,428] []  INFO {org.wso2.carbon.webapp.mgt.TomcatGenericWebappsDeployer} - Deployed webapp: StandardEngine[Catalina].StandardHost[localhost].StandardContext[/smsotpauthenticationendpoint].File[C:\PROGRA~1\WSO2\IDENTI~1\510~1.0\bin\..\repository\deployment\server\webapps\smsotpauthenticationendpoint.war]
TID: [-1234] [totpauthenticationendpoint] [2020-07-29 11:25:42,118] []  INFO {org.apache.jasper.servlet.TldScanner} - At least one JAR was scanned for TLDs yet contained no TLDs. Enable debug logging for this logger for a complete list of JARs that were scanned but no TLDs were found in them. Skipping unneeded JARs during scanning can improve startup time and JSP compilation time.
TID: [-1234] [totpauthenticationendpoint] [2020-07-29 11:25:42,131] []  INFO {org.wso2.carbon.identity.application.authentication.endpoint.util.TenantDataManager} - EndpointConfig.properties file loaded from ./repository/conf/identity/EndpointConfig.properties
TID: [-1234] [totpauthenticationendpoint] [2020-07-29 11:25:42,134] []  INFO {org.wso2.carbon.identity.application.authentication.endpoint.util.MutualSSLManager} - EndpointConfig.properties file loaded from ./repository/conf/identity/EndpointConfig.properties
TID: [-1234] [totpauthenticationendpoint] [2020-07-29 11:25:42,157] []  INFO {org.wso2.carbon.identity.application.authentication.endpoint.util.EndpointConfigManager} - EndpointConfig.properties file loaded from ./repository/conf/identity/EndpointConfig.properties
TID: [-1234] [totpauthenticationendpoint] [2020-07-29 11:25:42,177] []  INFO {org.wso2.carbon.webapp.mgt.TomcatGenericWebappsDeployer} - Deployed webapp: StandardEngine[Catalina].StandardHost[localhost].StandardContext[/totpauthenticationendpoint].File[C:\PROGRA~1\WSO2\IDENTI~1\510~1.0\bin\..\repository\deployment\server\webapps\totpauthenticationendpoint.war]
TID: [-1234] [user-portal] [2020-07-29 11:25:42,785] []  INFO {org.apache.jasper.servlet.TldScanner} - At least one JAR was scanned for TLDs yet contained no TLDs. Enable debug logging for this logger for a complete list of JARs that were scanned but no TLDs were found in them. Skipping unneeded JARs during scanning can improve startup time and JSP compilation time.
TID: [-1234] [user-portal] [2020-07-29 11:25:42,797] []  INFO {org.wso2.carbon.webapp.mgt.TomcatGenericWebappsDeployer} - Deployed webapp: StandardEngine[Catalina].StandardHost[localhost].StandardContext[/user-portal].File[C:\PROGRA~1\WSO2\IDENTI~1\510~1.0\bin\..\repository\deployment\server\webapps\user-portal]
TID: [-1234] [wso2] [2020-07-29 11:25:43,450] []  INFO {org.apache.jasper.servlet.TldScanner} - At least one JAR was scanned for TLDs yet contained no TLDs. Enable debug logging for this logger for a complete list of JARs that were scanned but no TLDs were found in them. Skipping unneeded JARs during scanning can improve startup time and JSP compilation time.
TID: [-1234] [wso2] [2020-07-29 11:25:44,533] []  INFO {org.wso2.carbon.webapp.mgt.TomcatGenericWebappsDeployer} - Deployed webapp: StandardEngine[Catalina].StandardHost[localhost].StandardContext[/wso2].File[C:\PROGRA~1\WSO2\IDENTI~1\510~1.0\bin\..\repository\deployment\server\webapps\wso2.war]
TID: [-1234] [x509certificateauthenticationendpoint] [2020-07-29 11:25:45,617] []  INFO {org.apache.jasper.servlet.TldScanner} - At least one JAR was scanned for TLDs yet contained no TLDs. Enable debug logging for this logger for a complete list of JARs that were scanned but no TLDs were found in them. Skipping unneeded JARs during scanning can improve startup time and JSP compilation time.
TID: [-1234] [x509certificateauthenticationendpoint] [2020-07-29 11:25:45,626] []  INFO {org.wso2.carbon.webapp.mgt.TomcatGenericWebappsDeployer} - Deployed webapp: StandardEngine[Catalina].StandardHost[localhost].StandardContext[/x509certificateauthenticationendpoint].File[C:\PROGRA~1\WSO2\IDENTI~1\510~1.0\bin\..\repository\deployment\server\webapps\x509certificateauthenticationendpoint.war]
TID: [-1234] [] [2020-07-29 11:25:45,629] []  INFO {org.wso2.carbon.humantask.core.HumanTaskSchedulerInitializer} - Starting HumanTasks Scheduler
TID: [-1234] [] [2020-07-29 11:25:45,640] []  INFO {openjpa.Runtime} - Starting OpenJPA 2.2.0-wso2v1
TID: [-1234] [] [2020-07-29 11:25:45,694] []  INFO {openjpa.jdbc.JDBC} - Using dictionary class "org.apache.openjpa.jdbc.sql.H2Dictionary".
TID: [-1234] [] [2020-07-29 11:25:46,230] []  INFO {org.wso2.carbon.core.transports.http.HttpTransportListener} - HTTP port        : 9763
TID: [-1234] [] [2020-07-29 11:25:46,231] []  INFO {org.wso2.carbon.core.transports.http.HttpsTransportListener} - HTTPS port       : 9443
TID: [-1234] [] [2020-07-29 11:25:46,307] []  WARN {org.apache.tomcat.util.net.SSLUtilBase} - jsseUtil.trustedCertNotValid
TID: [-1234] [] [2020-07-29 11:25:46,308] []  WARN {org.apache.tomcat.util.net.SSLUtilBase} - jsseUtil.trustedCertNotValid
TID: [-1234] [] [2020-07-29 11:25:46,309] []  WARN {org.apache.tomcat.util.net.SSLUtilBase} - jsseUtil.trustedCertNotValid
TID: [-1234] [] [2020-07-29 11:25:46,311] []  WARN {org.apache.tomcat.util.net.SSLUtilBase} - jsseUtil.trustedCertNotValid
TID: [-1234] [] [2020-07-29 11:25:46,342] []  INFO {org.wso2.carbon.bpel.core.ode.integration.BPELSchedulerInitializer} - Starting BPS Scheduler
TID: [-1] [] [2020-07-29 11:25:46,344] []  INFO {org.wso2.callhome.internal.CallHomeObserver} - 
...............................................................................
There are 89 updates available for the product 'wso2is-5.10.0'.[WARNING] There
are 14 critical security updates for the product 'wso2is-5.10.0'. WSO2 strongly
recommends to apply these updates in production as soon as possible.
...............................................................................
TID: [-1234] [] [2020-07-29 11:25:46,347] []  INFO {openjpa.Runtime} - Starting OpenJPA 2.2.0-wso2v1
TID: [-1234] [] [2020-07-29 11:25:46,348] []  INFO {openjpa.jdbc.JDBC} - Using dictionary class "org.apache.openjpa.jdbc.sql.H2Dictionary" (H2 1.4.199 (2019-03-13) ,H2 JDBC Driver 1.4.199 (2019-03-13)).
TID: [-1234] [] [2020-07-29 11:25:46,401] []  INFO {org.wso2.carbon.core.internal.StartupFinalizerServiceComponent} - Server           :  WSO2 Identity Server-5.10.0
TID: [-1234] [] [2020-07-29 11:25:46,402] []  INFO {org.wso2.carbon.core.internal.StartupFinalizerServiceComponent} - WSO2 Carbon started in 84 sec
TID: [-1234] [] [2020-07-29 11:25:46,419] []  INFO {org.wso2.carbon.healthcheck.api.core.internal.HealthMonitorServiceComponent} - Carbon health monitoring service is activated..
TID: [-1234] [] [2020-07-29 11:25:46,844] []  INFO {org.apache.jasper.servlet.TldScanner} - At least one JAR was scanned for TLDs yet contained no TLDs. Enable debug logging for this logger for a complete list of JARs that were scanned but no TLDs were found in them. Skipping unneeded JARs during scanning can improve startup time and JSP compilation time.
TID: [-1234] [] [2020-07-29 11:25:46,882] []  INFO {org.wso2.carbon.ui.internal.CarbonUIServiceComponent} - Mgt Console URL  : https://localhost:9443/carbon/
TID: [-1234] [] [2020-07-29 11:27:59,465] [c59be945-4f10-48fb-9bda-d4990a02d30d]  INFO {org.wso2.carbon.core.services.util.CarbonAuthenticationUtil} - 'admin@carbon.super [-1234]' logged in at [2020-07-29 11:27:59,465+0530]
TID: [-1234] [] [2020-07-29 11:51:03,728] [15f38a33-8d49-47c8-8e07-3b388b8c6212]  INFO {org.wso2.carbon.core.services.util.CarbonAuthenticationUtil} - 'admin@carbon.super [-1234]' logged in at [2020-07-29 11:51:03,728+0530]
TID: [-1234] [] [2020-07-29 12:28:23,155] [7cb22ae8-9962-4daf-9e5f-9ce743885416]  INFO {org.wso2.carbon.core.services.util.CarbonAuthenticationUtil} - 'admin@carbon.super [-1234]' logged in at [2020-07-29 12:28:23,155+0530]
TID: [-1234] [] [2020-07-29 18:39:13,985] []  INFO {org.wso2.carbon.core.internal.CarbonCoreActivator} - Starting WSO2 Carbon...
TID: [-1] [] [2020-07-29 18:39:13,985] []  INFO {org.ops4j.pax.logging.spi.support.EventAdminConfigurationNotifier} - Sending Event Admin nofification (configuration successful) to org/ops4j/pax/logging/Configuration
TID: [-1234] [] [2020-07-29 18:39:14,002] []  INFO {org.wso2.carbon.core.internal.CarbonCoreActivator} - Operating System : Windows 10 10.0, amd64
TID: [-1234] [] [2020-07-29 18:39:14,003] []  INFO {org.wso2.carbon.core.internal.CarbonCoreActivator} - Java Home        : C:\Program Files\Java\jdk1.8.0_251\jre
TID: [-1234] [] [2020-07-29 18:39:14,003] []  INFO {org.wso2.carbon.core.internal.CarbonCoreActivator} - Java Version     : 1.8.0_251
TID: [-1234] [] [2020-07-29 18:39:14,005] []  INFO {org.wso2.carbon.core.internal.CarbonCoreActivator} - Java VM          : Java HotSpot(TM) 64-Bit Server VM 25.251-b08,Oracle Corporation
TID: [-1234] [] [2020-07-29 18:39:14,005] []  INFO {org.wso2.carbon.core.internal.CarbonCoreActivator} - Carbon Home      : C:\PROGRA~1\WSO2\IDENTI~1\510~1.0\bin\..
TID: [-1234] [] [2020-07-29 18:39:14,006] []  INFO {org.wso2.carbon.core.internal.CarbonCoreActivator} - Java Temp Dir    : C:\PROGRA~1\WSO2\IDENTI~1\510~1.0\bin\..\tmp
TID: [-1234] [] [2020-07-29 18:39:14,006] []  INFO {org.wso2.carbon.core.internal.CarbonCoreActivator} - User             : sharm, en-IN, Asia/Calcutta
TID: [-1] [] [2020-07-29 18:39:14,272] []  INFO {org.wso2.carbon.crypto.provider.internal.DefaultCryptoProviderComponent} - 'CryptoService.Secret' property has not been set. 'org.wso2.carbon.crypto.provider.SymmetricKeyInternalCryptoProvider' won't be registered as an internal crypto provider. Please set the secret if the provider needs to be registered.
TID: [-1] [] [2020-07-29 18:39:14,444] []  INFO {org.wso2.carbon.event.output.adapter.kafka.internal.ds.KafkaEventAdapterServiceDS} - Successfully deployed the Kafka output event adaptor service
TID: [-1] [] [2020-07-29 18:39:15,020] []  INFO {org.wso2.carbon.identity.oauth.uma.grant.internal.UMA2GrantServiceComponent} - Policy evaluator registered successfully: DefaultPolicyEvaluator
TID: [-1] [] [2020-07-29 18:39:15,021] []  INFO {org.wso2.carbon.identity.oauth.uma.grant.internal.UMA2GrantServiceComponent} - UMA Grant component activated successfully.
TID: [-1234] [] [2020-07-29 18:39:15,620] []  INFO {org.wso2.carbon.ldap.server.configuration.LDAPConfigurationBuilder} - KDC server is disabled.
TID: [-1234] [] [2020-07-29 18:39:20,848] []  INFO {org.apache.directory.server.KERBEROS_LOG} - KeyDerivation Interceptor initialized
TID: [-1] [] [2020-07-29 18:39:21,421] []  INFO {org.wso2.carbon.mex.internal.Office365SupportMexComponent} - Office365Support MexServiceComponent bundle activated successfully..
TID: [-1] [] [2020-07-29 18:39:21,437] []  INFO {org.wso2.carbon.mex2.internal.DynamicCRMCustomMexComponent} - DynamicCRMSupport MexServiceComponent bundle activated successfully.
TID: [-1234] [] [2020-07-29 18:39:24,395] []  INFO {org.wso2.carbon.user.core.ldap.UniqueIDReadWriteLDAPUserStoreManager} - LDAP connection created successfully in read-write mode
TID: [-1234] [] [2020-07-29 18:39:24,581] []  INFO {org.wso2.carbon.consent.mgt.core.internal.ConsentManagerComponent} - ConsentManagerComponent is activated.
TID: [-1234] [] [2020-07-29 18:39:25,242] []  INFO {org.wso2.carbon.registry.core.jdbc.EmbeddedRegistryService} - Configured Registry in 88ms
TID: [-1234] [] [2020-07-29 18:39:25,269] []  INFO {org.wso2.carbon.registry.core.jdbc.EmbeddedRegistryService} - Connected to mount at configregistry in 6ms
TID: [-1234] [] [2020-07-29 18:39:25,270] []  INFO {org.wso2.carbon.registry.core.jdbc.EmbeddedRegistryService} - Connected to mount at govregistry in 7ms
TID: [-1234] [] [2020-07-29 18:39:25,350] []  INFO {org.wso2.carbon.registry.core.jdbc.EmbeddedRegistryService} - Connected to mount at configregistry in 0ms
TID: [-1234] [] [2020-07-29 18:39:25,352] []  INFO {org.wso2.carbon.registry.core.jdbc.EmbeddedRegistryService} - Connected to mount at govregistry in 2ms
TID: [-1234] [] [2020-07-29 18:39:25,361] []  INFO {org.wso2.carbon.registry.core.internal.RegistryCoreServiceComponent} - Registry Mode    : READ-WRITE
TID: [-1234] [] [2020-07-29 18:39:25,461] []  INFO {org.wso2.carbon.metrics.impl.util.JmxReporterBuilder} - Creating JMX reporter for Metrics with domain 'org.wso2.carbon.metrics'
TID: [-1234] [] [2020-07-29 18:39:25,466] []  INFO {org.wso2.carbon.metrics.impl.reporter.AbstractReporter} - Started JMX reporter for Metrics
TID: [-1234] [] [2020-07-29 18:39:28,175] []  INFO {org.wso2.carbon.registry.indexing.solr.SolrClient} - Default Embedded Solr Server Initialized
TID: [-1234] [] [2020-07-29 18:39:28,899] []  INFO {org.wso2.carbon.user.core.internal.UserStoreMgtDSComponent} - Carbon UserStoreMgtDSComponent activated successfully.
TID: [-1] [] [2020-07-29 18:39:28,973] []  INFO {org.apache.jasper.servlet.TldScanner} - At least one JAR was scanned for TLDs yet contained no TLDs. Enable debug logging for this logger for a complete list of JARs that were scanned but no TLDs were found in them. Skipping unneeded JARs during scanning can improve startup time and JSP compilation time.
TID: [-1] [] [2020-07-29 18:39:29,170] []  INFO {org.wso2.carbon.attachment.mgt.server.internal.AttachmentServiceComponent} - Initialising Attachment Server
TID: [-1] [] [2020-07-29 18:39:29,460] []  INFO {org.wso2.carbon.attachment.mgt.core.dao.impl.jpa.AbstractJPAVendorAdapter} - [Attachment-Mgt OpenJPA] DB Dictionary: h2
TID: [-1] [] [2020-07-29 18:39:29,462] []  INFO {org.wso2.carbon.attachment.mgt.core.dao.impl.jpa.AbstractJPAVendorAdapter} - [Attachment-Mgt OpenJPA] Generate DDL Enabled.
TID: [-1] [] [2020-07-29 18:39:29,688] []  INFO {org.wso2.carbon.attachment.mgt.server.internal.AttachmentServiceComponent} - Registering AttachmentServerService
TID: [-1] [] [2020-07-29 18:39:29,710] []  INFO {org.wso2.carbon.bpel.core.internal.BPELServiceComponent} - Initializing BPEL Engine........
TID: [-1] [] [2020-07-29 18:39:29,762] []  INFO {org.apache.ode.il.EmbeddedGeronimoFactory} - Using embedded Geronimo transaction manager
TID: [-1] [] [2020-07-29 18:39:29,816] []  INFO {org.apache.ode.il.dbutil.Database} - ODE using external DataSource "bpsds".
TID: [-1] [] [2020-07-29 18:39:29,818] []  INFO {org.wso2.carbon.bpel.core.ode.integration.BPELServerImpl} - Using DAO Connection Factory class: org.apache.ode.dao.jpa.BPELDAOConnectionFactoryImpl
TID: [-1] [] [2020-07-29 18:39:29,820] []  INFO {org.apache.ode.il.dbutil.Database} - Using DAO Connection Factory class org.apache.ode.dao.jpa.BPELDAOConnectionFactoryImpl.
TID: [-1] [] [2020-07-29 18:39:30,077] []  INFO {org.apache.ode.store.jpa.DbConfStoreConnectionFactory} - ProcessStore initializing transaction manager using org.apache.ode.il.EmbeddedGeronimoFactory
TID: [-1] [] [2020-07-29 18:39:30,079] []  INFO {org.apache.ode.il.EmbeddedGeronimoFactory} - Using embedded Geronimo transaction manager
TID: [-1] [] [2020-07-29 18:39:30,121] []  INFO {org.apache.ode.scheduler.simple.JdbcDelegate} - Using database H2 major version 1
TID: [-1] [] [2020-07-29 18:39:30,123] []  INFO {org.apache.ode.scheduler.simple.JdbcDelegate} - Using database dialect: H2
TID: [-1] [] [2020-07-29 18:39:30,152] []  INFO {org.wso2.carbon.bpel.core.ode.integration.BPELServerImpl} - This node is a manager node
TID: [-1] [] [2020-07-29 18:39:30,176] []  INFO {org.wso2.carbon.bpel.core.ode.integration.BPELServerImpl} - Registering E4X Extension...
TID: [-1] [] [2020-07-29 18:39:30,201] []  INFO {org.wso2.carbon.bpel.core.ode.integration.BPELServerImpl} - Registering B4P Extension...
TID: [-1] [] [2020-07-29 18:39:30,239] []  INFO {org.wso2.carbon.bpel.core.ode.integration.BPELServerImpl} - Registering B4P Filter...
TID: [-1] [] [2020-07-29 18:39:30,251] []  INFO {org.apache.ode.bpel.engine.BpelServerImpl} - BPEL Server Started.
TID: [-1] [] [2020-07-29 18:39:30,253] []  INFO {org.wso2.carbon.bpel.core.ode.integration.BPELServerImpl} - Registering MBeans
TID: [-1] [] [2020-07-29 18:39:30,320] []  INFO {org.wso2.carbon.humantask.core.internal.HumanTaskServiceComponent} - Initialising HumanTask Server
TID: [-1] [] [2020-07-29 18:39:30,385] []  INFO {org.apache.ode.il.EmbeddedGeronimoFactory} - Using embedded Geronimo transaction manager
TID: [-1] [] [2020-07-29 18:39:30,415] []  INFO {org.wso2.carbon.humantask.core.dao.jpa.AbstractJPAVendorAdapter} - [HT OpenJPA] DB Dictionary: h2
TID: [-1] [] [2020-07-29 18:39:30,417] []  INFO {org.wso2.carbon.humantask.core.dao.jpa.AbstractJPAVendorAdapter} - [HT OpenJPA] Generate DDL Enabled.
TID: [-1] [] [2020-07-29 18:39:30,482] []  INFO {org.wso2.carbon.humantask.core.internal.HumanTaskServiceComponent} - Registering Axis2ConfigurationContextObserver
TID: [-1] [] [2020-07-29 18:39:30,509] []  INFO {org.wso2.carbon.humantask.core.internal.HumanTaskServiceComponent} - Registering HT related MBeans
TID: [-1] [] [2020-07-29 18:39:30,519] []  INFO {org.wso2.carbon.humantask.core.internal.HumanTaskServiceComponent} - MXBean for Human tasks registered successfully
TID: [-1234] [] [2020-07-29 18:39:32,232] []  INFO {org.wso2.carbon.identity.user.store.configuration.deployer.UserStoreConfigurationDeployer} - User Store Configuration Deployer initiated.
TID: [-1234] [] [2020-07-29 18:39:32,233] []  INFO {org.wso2.carbon.identity.user.store.configuration.deployer.UserStoreConfigurationDeployer} - User Store Configuration Deployer initiated.
TID: [-1234] [] [2020-07-29 18:39:32,241] []  INFO {org.wso2.carbon.bpel.deployer.BPELDeployer} - Initializing BPEL Deployer for tenant -1234.
TID: [-1234] [] [2020-07-29 18:39:32,253] []  INFO {org.wso2.carbon.humantask.deployer.HumanTaskDeployer} - Initializing HumanTask Deployer for tenant -1234.
TID: [-1234] [] [2020-07-29 18:39:33,142] []  INFO {org.apache.axis2.transport.mail.MailTransportSender} - MAILTO Sender started
TID: [-1234] [] [2020-07-29 18:39:33,154] []  WARN {javax.mail} - expected resource not found: /META-INF/javamail.default.address.map
TID: [-1234] [I18nEmailMgtConfigService] [2020-07-29 18:39:34,554] []  INFO {org.wso2.carbon.core.deployment.DeploymentInterceptor} - Deploying Axis2 service: I18nEmailMgtConfigService {super-tenant}
TID: [-1234] [AccountCredentialMgtConfigService] [2020-07-29 18:39:36,512] []  INFO {org.wso2.carbon.core.deployment.DeploymentInterceptor} - Deploying Axis2 service: AccountCredentialMgtConfigService {super-tenant}
TID: [-1234] [UserIdentityManagementAdminService] [2020-07-29 18:39:36,515] []  INFO {org.wso2.carbon.core.deployment.DeploymentInterceptor} - Deploying Axis2 service: UserIdentityManagementAdminService {super-tenant}
TID: [-1234] [UserInformationRecoveryService] [2020-07-29 18:39:36,519] []  INFO {org.wso2.carbon.core.deployment.DeploymentInterceptor} - Deploying Axis2 service: UserInformationRecoveryService {super-tenant}
TID: [-1234] [SAMLQueryService] [2020-07-29 18:39:36,727] []  INFO {org.wso2.carbon.core.deployment.DeploymentInterceptor} - Deploying Axis2 service: SAMLQueryService {super-tenant}
TID: [-1234] [] [2020-07-29 18:39:36,836] []  WARN {org.apache.axis2.description.java2wsdl.DefaultSchemaGenerator} - We don't support method overloading. Ignoring [doSingleLogout]
TID: [-1234] [mex-ut] [2020-07-29 18:39:37,542] []  INFO {org.wso2.carbon.core.deployment.DeploymentInterceptor} - Deploying Axis2 service: mex-ut {super-tenant}
TID: [-1234] [mex-ut2] [2020-07-29 18:39:37,549] []  INFO {org.wso2.carbon.core.deployment.DeploymentInterceptor} - Deploying Axis2 service: mex-ut2 {super-tenant}
TID: [-1234] [wso2carbon-sts] [2020-07-29 18:39:38,632] []  INFO {org.wso2.carbon.core.deployment.DeploymentInterceptor} - Deploying Axis2 service: wso2carbon-sts {super-tenant}
TID: [-1234] [] [2020-07-29 18:39:39,179] []  INFO {org.wso2.carbon.core.init.CarbonServerManager} - Repository       : C:\PROGRA~1\WSO2\IDENTI~1\510~1.0\bin\../repository/deployment/server/
TID: [-1234] [] [2020-07-29 18:39:39,226] []  INFO {org.wso2.carbon.core.multitenancy.eager.TenantLoadingConfig} - Using tenant lazy loading policy...
TID: [-1234] [] [2020-07-29 18:39:39,245] []  INFO {org.wso2.carbon.core.internal.permission.update.PermissionUpdater} - Permission cache updated for tenant -1234
TID: [-1234] [] [2020-07-29 18:39:40,771] []  INFO {org.wso2.carbon.user.core.internal.UserStoreMgtDSComponent} - Claim manager set for class org.wso2.carbon.user.core.common.DefaultRealm
TID: [-1234] [] [2020-07-29 18:39:40,779] []  INFO {org.wso2.carbon.user.core.internal.UserStoreMgtDSComponent} - Claim manager set for class org.wso2.carbon.user.core.ldap.UniqueIDReadWriteLDAPUserStoreManager
TID: [-1] [] [2020-07-29 18:39:40,971] []  INFO {org.wso2.carbon.identity.entitlement.internal.SchemaBuilder} - XACML policy schema loaded successfully.
TID: [-1234] [] [2020-07-29 18:39:40,972] []  INFO {org.wso2.balana.ConfigurationStore} - Loading runtime configuration
TID: [-1234] [] [2020-07-29 18:39:41,426] []  INFO {org.wso2.carbon.identity.oauth.uma.xacml.service.internal.AppUMAServiceComponents} - XACML UMA Handler activated successfully.
TID: [-1234] [] [2020-07-29 18:39:41,691] []  INFO {org.wso2.carbon.identity.oauth.config.OAuthServerConfiguration} - The default OAuth token issuer will be used. No custom token generator is set.
TID: [-1234] [] [2020-07-29 18:39:41,750] []  INFO {org.wso2.identity.apps.common.internal.AppsCommonServiceComponent} - Identity apps common service component activated successfully.
TID: [-1234] [] [2020-07-29 18:39:41,812] []  INFO {org.wso2.carbon.identity.oauth2.internal.OAuth2ServiceComponent} - PKCE Support enabled.
TID: [-1234] [] [2020-07-29 18:39:42,528] []  WARN {org.wso2.carbon.identity.event.internal.IdentityEventServiceComponent} - Properties for userOperationDataDASPublisher is not configured. This event handler will not be activated
TID: [-1234] [] [2020-07-29 18:39:43,318] []  INFO {org.wso2.carbon.identity.local.auth.api.core.internal.AuthAPIServiceComponent} - Auth API Service Component  is activated.
TID: [-1234] [] [2020-07-29 18:39:44,228] []  INFO {org.wso2.carbon.identity.application.authentication.framework.store.SessionDataStore} - Thread pool size for temporary authentication context data delete task: 20
TID: [-1234] [] [2020-07-29 18:39:46,317] []  INFO {org.wso2.carbon.event.publisher.core.EventPublisherDeployer} - Event Publisher deployment held back and in inactive state :EmailPublisher.xml, Stream validation exception : Stream id_gov_notify_stream:1.0.0 does not exist
TID: [-1234] [] [2020-07-29 18:39:46,323] []  INFO {org.wso2.carbon.event.publisher.core.EventPublisherDeployer} - Event Publisher deployment held back and in inactive state :IsAnalytics-Publisher-wso2event-AuthenticationData.xml, Stream validation exception : Stream org.wso2.is.analytics.stream.OverallAuthentication:1.0.0 does not exist
TID: [-1234] [] [2020-07-29 18:39:46,327] []  INFO {org.wso2.carbon.event.publisher.core.EventPublisherDeployer} - Event Publisher deployment held back and in inactive state :IsAnalytics-Publisher-wso2event-OauthTokenIssueRefresh.xml, Stream validation exception : Stream org.wso2.is.analytics.stream.OauthTokenIssuance:1.0.0 does not exist
TID: [-1234] [] [2020-07-29 18:39:46,333] []  INFO {org.wso2.carbon.event.publisher.core.EventPublisherDeployer} - Event Publisher deployment held back and in inactive state :IsAnalytics-Publisher-wso2event-OauthTokenRevocation.xml, Stream validation exception : Stream org.wso2.is.analytics.stream.OauthTokenRevocation:1.0.0 does not exist
TID: [-1234] [] [2020-07-29 18:39:46,337] []  INFO {org.wso2.carbon.event.publisher.core.EventPublisherDeployer} - Event Publisher deployment held back and in inactive state :IsAnalytics-Publisher-wso2event-OauthTokenValidation.xml, Stream validation exception : Stream org.wso2.is.analytics.stream.OauthTokenValidation:1.0.0 does not exist
TID: [-1234] [] [2020-07-29 18:39:46,343] []  INFO {org.wso2.carbon.event.publisher.core.EventPublisherDeployer} - Event Publisher deployment held back and in inactive state :IsAnalytics-Publisher-wso2event-RoleData.xml, Stream validation exception : Stream org.wso2.is.analytics.stream.OverallRoleData:1.0.0 does not exist
TID: [-1234] [] [2020-07-29 18:39:46,347] []  INFO {org.wso2.carbon.event.publisher.core.EventPublisherDeployer} - Event Publisher deployment held back and in inactive state :IsAnalytics-Publisher-wso2event-SessionData.xml, Stream validation exception : Stream org.wso2.is.analytics.stream.OverallSession:1.0.0 does not exist
TID: [-1234] [] [2020-07-29 18:39:46,353] []  INFO {org.wso2.carbon.event.publisher.core.EventPublisherDeployer} - Event Publisher deployment held back and in inactive state :IsAnalytics-Publisher-wso2event-UserData.xml, Stream validation exception : Stream org.wso2.is.analytics.stream.OverallUserData:1.0.0 does not exist
TID: [-1234] [] [2020-07-29 18:39:46,369] []  INFO {org.wso2.carbon.event.publisher.core.EventPublisherDeployer} - Event Publisher undeployed successfully : EmailPublisher.xml
TID: [-1234] [] [2020-07-29 18:39:46,384] []  INFO {org.wso2.carbon.event.stream.core.internal.EventJunction} - WSO2EventConsumer added to the junction. Stream:id_gov_notify_stream:1.0.0
TID: [-1234] [] [2020-07-29 18:39:46,388] []  INFO {org.wso2.carbon.event.publisher.core.EventPublisherDeployer} - Event Publisher configuration successfully deployed and in active state : EmailPublisher
TID: [-1234] [] [2020-07-29 18:39:46,389] []  INFO {org.wso2.carbon.event.stream.core.EventStreamDeployer} - Stream definition is deployed successfully  : id_gov_notify_stream:1.0.0
TID: [-1234] [] [2020-07-29 18:39:46,392] []  INFO {org.wso2.carbon.event.stream.core.EventStreamDeployer} - Stream definition is deployed successfully  : id_gov_sms_notify_stream:1.0.0
TID: [-1234] [] [2020-07-29 18:39:46,395] []  INFO {org.wso2.carbon.event.publisher.core.EventPublisherDeployer} - Event Publisher undeployed successfully : IsAnalytics-Publisher-wso2event-OauthTokenIssueRefresh.xml
TID: [-1234] [] [2020-07-29 18:39:46,801] []  INFO {org.wso2.carbon.event.stream.core.internal.EventJunction} - WSO2EventConsumer added to the junction. Stream:org.wso2.is.analytics.stream.OauthTokenIssuance:1.0.0
TID: [-1234] [] [2020-07-29 18:39:46,808] []  INFO {org.wso2.carbon.event.publisher.core.EventPublisherDeployer} - Event Publisher configuration successfully deployed and in active state : IsAnalytics-Publisher-wso2event-OauthTokenIssueRefresh
TID: [-1234] [] [2020-07-29 18:39:46,810] []  INFO {org.wso2.carbon.event.stream.core.EventStreamDeployer} - Stream definition is deployed successfully  : org.wso2.is.analytics.stream.OauthTokenIssuance:1.0.0
TID: [-1234] [] [2020-07-29 18:39:46,814] []  INFO {org.wso2.carbon.event.publisher.core.EventPublisherDeployer} - Event Publisher undeployed successfully : IsAnalytics-Publisher-wso2event-OauthTokenRevocation.xml
TID: [-1234] [] [2020-07-29 18:39:46,834] []  INFO {org.wso2.carbon.event.stream.core.internal.EventJunction} - WSO2EventConsumer added to the junction. Stream:org.wso2.is.analytics.stream.OauthTokenRevocation:1.0.0
TID: [-1234] [] [2020-07-29 18:39:46,836] []  INFO {org.wso2.carbon.event.publisher.core.EventPublisherDeployer} - Event Publisher configuration successfully deployed and in active state : IsAnalytics-Publisher-wso2event-OauthTokenRevocation
TID: [-1234] [] [2020-07-29 18:39:46,842] []  INFO {org.wso2.carbon.event.stream.core.EventStreamDeployer} - Stream definition is deployed successfully  : org.wso2.is.analytics.stream.OauthTokenRevocation:1.0.0
TID: [-1234] [] [2020-07-29 18:39:46,846] []  INFO {org.wso2.carbon.event.publisher.core.EventPublisherDeployer} - Event Publisher undeployed successfully : IsAnalytics-Publisher-wso2event-OauthTokenValidation.xml
TID: [-1234] [] [2020-07-29 18:39:46,868] []  INFO {org.wso2.carbon.event.stream.core.internal.EventJunction} - WSO2EventConsumer added to the junction. Stream:org.wso2.is.analytics.stream.OauthTokenValidation:1.0.0
TID: [-1234] [] [2020-07-29 18:39:46,870] []  INFO {org.wso2.carbon.event.publisher.core.EventPublisherDeployer} - Event Publisher configuration successfully deployed and in active state : IsAnalytics-Publisher-wso2event-OauthTokenValidation
TID: [-1234] [] [2020-07-29 18:39:46,875] []  INFO {org.wso2.carbon.event.stream.core.EventStreamDeployer} - Stream definition is deployed successfully  : org.wso2.is.analytics.stream.OauthTokenValidation:1.0.0
TID: [-1234] [] [2020-07-29 18:39:46,879] []  INFO {org.wso2.carbon.event.publisher.core.EventPublisherDeployer} - Event Publisher undeployed successfully : IsAnalytics-Publisher-wso2event-AuthenticationData.xml
TID: [-1234] [] [2020-07-29 18:39:46,902] []  INFO {org.wso2.carbon.event.stream.core.internal.EventJunction} - WSO2EventConsumer added to the junction. Stream:org.wso2.is.analytics.stream.OverallAuthentication:1.0.0
TID: [-1234] [] [2020-07-29 18:39:46,904] []  INFO {org.wso2.carbon.event.publisher.core.EventPublisherDeployer} - Event Publisher configuration successfully deployed and in active state : IsAnalytics-Publisher-wso2event-AuthenticationData
TID: [-1234] [] [2020-07-29 18:39:46,908] []  INFO {org.wso2.carbon.event.stream.core.EventStreamDeployer} - Stream definition is deployed successfully  : org.wso2.is.analytics.stream.OverallAuthentication:1.0.0
TID: [-1234] [] [2020-07-29 18:39:46,912] []  INFO {org.wso2.carbon.event.publisher.core.EventPublisherDeployer} - Event Publisher undeployed successfully : IsAnalytics-Publisher-wso2event-RoleData.xml
TID: [-1234] [] [2020-07-29 18:39:46,931] []  INFO {org.wso2.carbon.event.stream.core.internal.EventJunction} - WSO2EventConsumer added to the junction. Stream:org.wso2.is.analytics.stream.OverallRoleData:1.0.0
TID: [-1234] [] [2020-07-29 18:39:46,932] []  INFO {org.wso2.carbon.event.publisher.core.EventPublisherDeployer} - Event Publisher configuration successfully deployed and in active state : IsAnalytics-Publisher-wso2event-RoleData
TID: [-1234] [] [2020-07-29 18:39:46,935] []  INFO {org.wso2.carbon.event.stream.core.EventStreamDeployer} - Stream definition is deployed successfully  : org.wso2.is.analytics.stream.OverallRoleData:1.0.0
TID: [-1234] [] [2020-07-29 18:39:46,940] []  INFO {org.wso2.carbon.event.publisher.core.EventPublisherDeployer} - Event Publisher undeployed successfully : IsAnalytics-Publisher-wso2event-SessionData.xml
TID: [-1234] [] [2020-07-29 18:39:46,954] []  INFO {org.wso2.carbon.event.stream.core.internal.EventJunction} - WSO2EventConsumer added to the junction. Stream:org.wso2.is.analytics.stream.OverallSession:1.0.0
TID: [-1234] [] [2020-07-29 18:39:46,957] []  INFO {org.wso2.carbon.event.publisher.core.EventPublisherDeployer} - Event Publisher configuration successfully deployed and in active state : IsAnalytics-Publisher-wso2event-SessionData
TID: [-1234] [] [2020-07-29 18:39:46,959] []  INFO {org.wso2.carbon.event.stream.core.EventStreamDeployer} - Stream definition is deployed successfully  : org.wso2.is.analytics.stream.OverallSession:1.0.0
TID: [-1234] [] [2020-07-29 18:39:46,962] []  INFO {org.wso2.carbon.event.publisher.core.EventPublisherDeployer} - Event Publisher undeployed successfully : IsAnalytics-Publisher-wso2event-UserData.xml
TID: [-1234] [] [2020-07-29 18:39:46,979] []  INFO {org.wso2.carbon.event.stream.core.internal.EventJunction} - WSO2EventConsumer added to the junction. Stream:org.wso2.is.analytics.stream.OverallUserData:1.0.0
TID: [-1234] [] [2020-07-29 18:39:46,980] []  INFO {org.wso2.carbon.event.publisher.core.EventPublisherDeployer} - Event Publisher configuration successfully deployed and in active state : IsAnalytics-Publisher-wso2event-UserData
TID: [-1234] [] [2020-07-29 18:39:46,982] []  INFO {org.wso2.carbon.event.stream.core.EventStreamDeployer} - Stream definition is deployed successfully  : org.wso2.is.analytics.stream.OverallUserData:1.0.0
TID: [-1234] [STRATOS_ROOT] [2020-07-29 18:39:48,273] []  INFO {org.apache.jasper.servlet.TldScanner} - At least one JAR was scanned for TLDs yet contained no TLDs. Enable debug logging for this logger for a complete list of JARs that were scanned but no TLDs were found in them. Skipping unneeded JARs during scanning can improve startup time and JSP compilation time.
TID: [-1234] [STRATOS_ROOT] [2020-07-29 18:39:48,319] []  INFO {org.wso2.carbon.webapp.mgt.TomcatGenericWebappsDeployer} - Deployed webapp: StandardEngine[Catalina].StandardHost[localhost].StandardContext[/STRATOS_ROOT].File[C:\PROGRA~1\WSO2\IDENTI~1\510~1.0\bin\..\repository\deployment\server\webapps\STRATOS_ROOT]
TID: [-1234] [accountrecoveryendpoint] [2020-07-29 18:39:51,001] []  INFO {org.apache.jasper.servlet.TldScanner} - At least one JAR was scanned for TLDs yet contained no TLDs. Enable debug logging for this logger for a complete list of JARs that were scanned but no TLDs were found in them. Skipping unneeded JARs during scanning can improve startup time and JSP compilation time.
TID: [-1234] [accountrecoveryendpoint] [2020-07-29 18:39:51,486] []  INFO {org.wso2.carbon.webapp.mgt.TomcatGenericWebappsDeployer} - Deployed webapp: StandardEngine[Catalina].StandardHost[localhost].StandardContext[/accountrecoveryendpoint].File[C:\PROGRA~1\WSO2\IDENTI~1\510~1.0\bin\..\repository\deployment\server\webapps\accountrecoveryendpoint]
TID: [-1234] [api] [2020-07-29 18:39:54,372] []  INFO {org.apache.jasper.servlet.TldScanner} - At least one JAR was scanned for TLDs yet contained no TLDs. Enable debug logging for this logger for a complete list of JARs that were scanned but no TLDs were found in them. Skipping unneeded JARs during scanning can improve startup time and JSP compilation time.
TID: [-1234] [api] [2020-07-29 18:39:59,884] []  INFO {org.hibernate.validator.internal.util.Version} - HV000001: Hibernate Validator 6.0.17.Final
TID: [-1234] [api] [2020-07-29 18:40:03,533] []  INFO {org.wso2.carbon.webapp.mgt.TomcatGenericWebappsDeployer} - Deployed webapp: StandardEngine[Catalina].StandardHost[localhost].StandardContext[/api].File[C:\PROGRA~1\WSO2\IDENTI~1\510~1.0\bin\..\repository\deployment\server\webapps\api]
TID: [-1234] [api#health-check#v1.0] [2020-07-29 18:40:05,052] []  INFO {org.apache.jasper.servlet.TldScanner} - At least one JAR was scanned for TLDs yet contained no TLDs. Enable debug logging for this logger for a complete list of JARs that were scanned but no TLDs were found in them. Skipping unneeded JARs during scanning can improve startup time and JSP compilation time.
TID: [-1234] [api#health-check#v1.0] [2020-07-29 18:40:07,412] []  INFO {org.wso2.carbon.webapp.mgt.TomcatGenericWebappsDeployer} - Deployed webapp: StandardEngine[Catalina].StandardHost[localhost].StandardContext[/api/health-check/v1.0].File[C:\PROGRA~1\WSO2\IDENTI~1\510~1.0\bin\..\repository\deployment\server\webapps\api#health-check#v1.0.war]
TID: [-1234] [api#identity#auth#v1.1] [2020-07-29 18:40:08,866] []  INFO {org.apache.jasper.servlet.TldScanner} - At least one JAR was scanned for TLDs yet contained no TLDs. Enable debug logging for this logger for a complete list of JARs that were scanned but no TLDs were found in them. Skipping unneeded JARs during scanning can improve startup time and JSP compilation time.
TID: [-1234] [api#identity#auth#v1.1] [2020-07-29 18:40:11,102] []  INFO {org.wso2.carbon.webapp.mgt.TomcatGenericWebappsDeployer} - Deployed webapp: StandardEngine[Catalina].StandardHost[localhost].StandardContext[/api/identity/auth/v1.1].File[C:\PROGRA~1\WSO2\IDENTI~1\510~1.0\bin\..\repository\deployment\server\webapps\api#identity#auth#v1.1.war]
TID: [-1234] [api#identity#config-mgt#v1.0] [2020-07-29 18:40:12,782] []  INFO {org.apache.jasper.servlet.TldScanner} - At least one JAR was scanned for TLDs yet contained no TLDs. Enable debug logging for this logger for a complete list of JARs that were scanned but no TLDs were found in them. Skipping unneeded JARs during scanning can improve startup time and JSP compilation time.
TID: [-1234] [api#identity#config-mgt#v1.0] [2020-07-29 18:40:15,389] []  INFO {org.wso2.carbon.webapp.mgt.TomcatGenericWebappsDeployer} - Deployed webapp: StandardEngine[Catalina].StandardHost[localhost].StandardContext[/api/identity/config-mgt/v1.0].File[C:\PROGRA~1\WSO2\IDENTI~1\510~1.0\bin\..\repository\deployment\server\webapps\api#identity#config-mgt#v1.0.war]
TID: [-1234] [api#identity#consent-mgt#v1.0] [2020-07-29 18:40:16,835] []  INFO {org.apache.jasper.servlet.TldScanner} - At least one JAR was scanned for TLDs yet contained no TLDs. Enable debug logging for this logger for a complete list of JARs that were scanned but no TLDs were found in them. Skipping unneeded JARs during scanning can improve startup time and JSP compilation time.
TID: [-1234] [api#identity#consent-mgt#v1.0] [2020-07-29 18:40:19,063] []  INFO {org.wso2.carbon.webapp.mgt.TomcatGenericWebappsDeployer} - Deployed webapp: StandardEngine[Catalina].StandardHost[localhost].StandardContext[/api/identity/consent-mgt/v1.0].File[C:\PROGRA~1\WSO2\IDENTI~1\510~1.0\bin\..\repository\deployment\server\webapps\api#identity#consent-mgt#v1.0.war]
TID: [-1234] [api#identity#entitlement] [2020-07-29 18:40:20,518] []  INFO {org.apache.jasper.servlet.TldScanner} - At least one JAR was scanned for TLDs yet contained no TLDs. Enable debug logging for this logger for a complete list of JARs that were scanned but no TLDs were found in them. Skipping unneeded JARs during scanning can improve startup time and JSP compilation time.
TID: [-1234] [api#identity#entitlement] [2020-07-29 18:40:22,796] []  INFO {org.reflections.Reflections} - Reflections took 157 ms to scan 1 urls, producing 50 keys and 77 values 
TID: [-1234] [api#identity#entitlement] [2020-07-29 18:40:23,872] []  INFO {org.wso2.carbon.webapp.mgt.TomcatGenericWebappsDeployer} - Deployed webapp: StandardEngine[Catalina].StandardHost[localhost].StandardContext[/api/identity/entitlement].File[C:\PROGRA~1\WSO2\IDENTI~1\510~1.0\bin\..\repository\deployment\server\webapps\api#identity#entitlement.war]
TID: [-1234] [api#identity#oauth2#dcr#v1.1] [2020-07-29 18:40:25,317] []  INFO {org.apache.jasper.servlet.TldScanner} - At least one JAR was scanned for TLDs yet contained no TLDs. Enable debug logging for this logger for a complete list of JARs that were scanned but no TLDs were found in them. Skipping unneeded JARs during scanning can improve startup time and JSP compilation time.
TID: [-1234] [api#identity#oauth2#dcr#v1.1] [2020-07-29 18:40:27,504] []  INFO {org.wso2.carbon.webapp.mgt.TomcatGenericWebappsDeployer} - Deployed webapp: StandardEngine[Catalina].StandardHost[localhost].StandardContext[/api/identity/oauth2/dcr/v1.1].File[C:\PROGRA~1\WSO2\IDENTI~1\510~1.0\bin\..\repository\deployment\server\webapps\api#identity#oauth2#dcr#v1.1.war]
TID: [-1234] [api#identity#oauth2#uma#permission#v1.0] [2020-07-29 18:40:28,897] []  INFO {org.apache.jasper.servlet.TldScanner} - At least one JAR was scanned for TLDs yet contained no TLDs. Enable debug logging for this logger for a complete list of JARs that were scanned but no TLDs were found in them. Skipping unneeded JARs during scanning can improve startup time and JSP compilation time.
TID: [-1234] [api#identity#oauth2#uma#permission#v1.0] [2020-07-29 18:40:31,065] []  INFO {org.wso2.carbon.webapp.mgt.TomcatGenericWebappsDeployer} - Deployed webapp: StandardEngine[Catalina].StandardHost[localhost].StandardContext[/api/identity/oauth2/uma/permission/v1.0].File[C:\PROGRA~1\WSO2\IDENTI~1\510~1.0\bin\..\repository\deployment\server\webapps\api#identity#oauth2#uma#permission#v1.0.war]
TID: [-1234] [api#identity#oauth2#uma#resourceregistration#v1.0] [2020-07-29 18:40:32,465] []  INFO {org.apache.jasper.servlet.TldScanner} - At least one JAR was scanned for TLDs yet contained no TLDs. Enable debug logging for this logger for a complete list of JARs that were scanned but no TLDs were found in them. Skipping unneeded JARs during scanning can improve startup time and JSP compilation time.
TID: [-1234] [api#identity#oauth2#uma#resourceregistration#v1.0] [2020-07-29 18:40:34,637] []  INFO {org.wso2.carbon.webapp.mgt.TomcatGenericWebappsDeployer} - Deployed webapp: StandardEngine[Catalina].StandardHost[localhost].StandardContext[/api/identity/oauth2/uma/resourceregistration/v1.0].File[C:\PROGRA~1\WSO2\IDENTI~1\510~1.0\bin\..\repository\deployment\server\webapps\api#identity#oauth2#uma#resourceregistration#v1.0.war]
TID: [-1234] [api#identity#oauth2#v1.0] [2020-07-29 18:40:36,056] []  INFO {org.apache.jasper.servlet.TldScanner} - At least one JAR was scanned for TLDs yet contained no TLDs. Enable debug logging for this logger for a complete list of JARs that were scanned but no TLDs were found in them. Skipping unneeded JARs during scanning can improve startup time and JSP compilation time.
TID: [-1234] [api#identity#oauth2#v1.0] [2020-07-29 18:40:38,227] []  INFO {org.wso2.carbon.webapp.mgt.TomcatGenericWebappsDeployer} - Deployed webapp: StandardEngine[Catalina].StandardHost[localhost].StandardContext[/api/identity/oauth2/v1.0].File[C:\PROGRA~1\WSO2\IDENTI~1\510~1.0\bin\..\repository\deployment\server\webapps\api#identity#oauth2#v1.0.war]
TID: [-1234] [api#identity#recovery#v0.9] [2020-07-29 18:40:39,637] []  INFO {org.apache.jasper.servlet.TldScanner} - At least one JAR was scanned for TLDs yet contained no TLDs. Enable debug logging for this logger for a complete list of JARs that were scanned but no TLDs were found in them. Skipping unneeded JARs during scanning can improve startup time and JSP compilation time.
TID: [-1234] [api#identity#recovery#v0.9] [2020-07-29 18:40:41,804] []  INFO {org.wso2.carbon.webapp.mgt.TomcatGenericWebappsDeployer} - Deployed webapp: StandardEngine[Catalina].StandardHost[localhost].StandardContext[/api/identity/recovery/v0.9].File[C:\PROGRA~1\WSO2\IDENTI~1\510~1.0\bin\..\repository\deployment\server\webapps\api#identity#recovery#v0.9.war]
TID: [-1234] [api#identity#template#mgt#v1.0.0] [2020-07-29 18:40:43,231] []  INFO {org.apache.jasper.servlet.TldScanner} - At least one JAR was scanned for TLDs yet contained no TLDs. Enable debug logging for this logger for a complete list of JARs that were scanned but no TLDs were found in them. Skipping unneeded JARs during scanning can improve startup time and JSP compilation time.
TID: [-1234] [api#identity#template#mgt#v1.0.0] [2020-07-29 18:40:44,642] []  INFO {org.wso2.carbon.webapp.mgt.TomcatGenericWebappsDeployer} - Deployed webapp: StandardEngine[Catalina].StandardHost[localhost].StandardContext[/api/identity/template/mgt/v1.0.0].File[C:\PROGRA~1\WSO2\IDENTI~1\510~1.0\bin\..\repository\deployment\server\webapps\api#identity#template#mgt#v1.0.0.war]
TID: [-1234] [api#identity#user#v1.0] [2020-07-29 18:40:46,078] []  INFO {org.apache.jasper.servlet.TldScanner} - At least one JAR was scanned for TLDs yet contained no TLDs. Enable debug logging for this logger for a complete list of JARs that were scanned but no TLDs were found in them. Skipping unneeded JARs during scanning can improve startup time and JSP compilation time.
TID: [-1234] [api#identity#user#v1.0] [2020-07-29 18:40:48,235] []  INFO {org.wso2.carbon.webapp.mgt.TomcatGenericWebappsDeployer} - Deployed webapp: StandardEngine[Catalina].StandardHost[localhost].StandardContext[/api/identity/user/v1.0].File[C:\PROGRA~1\WSO2\IDENTI~1\510~1.0\bin\..\repository\deployment\server\webapps\api#identity#user#v1.0.war]
TID: [-1234] [api#users#v2#me#webauthn] [2020-07-29 18:40:49,735] []  INFO {org.apache.jasper.servlet.TldScanner} - At least one JAR was scanned for TLDs yet contained no TLDs. Enable debug logging for this logger for a complete list of JARs that were scanned but no TLDs were found in them. Skipping unneeded JARs during scanning can improve startup time and JSP compilation time.
TID: [-1234] [api#users#v2#me#webauthn] [2020-07-29 18:40:51,785] []  INFO {org.wso2.carbon.webapp.mgt.TomcatGenericWebappsDeployer} - Deployed webapp: StandardEngine[Catalina].StandardHost[localhost].StandardContext[/api/users/v2/me/webauthn].File[C:\PROGRA~1\WSO2\IDENTI~1\510~1.0\bin\..\repository\deployment\server\webapps\api#users#v2#me#webauthn.war]
TID: [-1234] [authenticationendpoint] [2020-07-29 18:40:53,400] []  INFO {org.apache.jasper.servlet.TldScanner} - At least one JAR was scanned for TLDs yet contained no TLDs. Enable debug logging for this logger for a complete list of JARs that were scanned but no TLDs were found in them. Skipping unneeded JARs during scanning can improve startup time and JSP compilation time.
TID: [-1234] [authenticationendpoint] [2020-07-29 18:40:53,435] []  INFO {org.wso2.carbon.identity.application.authentication.endpoint.util.TenantDataManager} - EndpointConfig.properties file loaded from ./repository/conf/identity/EndpointConfig.properties
TID: [-1234] [authenticationendpoint] [2020-07-29 18:40:53,442] []  INFO {org.wso2.carbon.identity.application.authentication.endpoint.util.MutualSSLManager} - EndpointConfig.properties file loaded from ./repository/conf/identity/EndpointConfig.properties
TID: [-1234] [authenticationendpoint] [2020-07-29 18:40:53,566] []  INFO {org.wso2.carbon.identity.application.authentication.endpoint.util.EndpointConfigManager} - EndpointConfig.properties file loaded from ./repository/conf/identity/EndpointConfig.properties
TID: [-1234] [authenticationendpoint] [2020-07-29 18:40:53,917] []  INFO {org.wso2.carbon.webapp.mgt.TomcatGenericWebappsDeployer} - Deployed webapp: StandardEngine[Catalina].StandardHost[localhost].StandardContext[/authenticationendpoint].File[C:\PROGRA~1\WSO2\IDENTI~1\510~1.0\bin\..\repository\deployment\server\webapps\authenticationendpoint]
TID: [-1234] [emailotpauthenticationendpoint] [2020-07-29 18:40:55,182] []  INFO {org.apache.jasper.servlet.TldScanner} - At least one JAR was scanned for TLDs yet contained no TLDs. Enable debug logging for this logger for a complete list of JARs that were scanned but no TLDs were found in them. Skipping unneeded JARs during scanning can improve startup time and JSP compilation time.
TID: [-1234] [emailotpauthenticationendpoint] [2020-07-29 18:40:55,210] []  INFO {org.wso2.carbon.webapp.mgt.TomcatGenericWebappsDeployer} - Deployed webapp: StandardEngine[Catalina].StandardHost[localhost].StandardContext[/emailotpauthenticationendpoint].File[C:\PROGRA~1\WSO2\IDENTI~1\510~1.0\bin\..\repository\deployment\server\webapps\emailotpauthenticationendpoint.war]
TID: [-1234] [mex] [2020-07-29 18:40:56,514] []  INFO {org.apache.jasper.servlet.TldScanner} - At least one JAR was scanned for TLDs yet contained no TLDs. Enable debug logging for this logger for a complete list of JARs that were scanned but no TLDs were found in them. Skipping unneeded JARs during scanning can improve startup time and JSP compilation time.
TID: [-1234] [mex] [2020-07-29 18:40:56,519] []  INFO {org.wso2.carbon.webapp.mgt.TomcatGenericWebappsDeployer} - Deployed webapp: StandardEngine[Catalina].StandardHost[localhost].StandardContext[/mex].File[C:\PROGRA~1\WSO2\IDENTI~1\510~1.0\bin\..\repository\deployment\server\webapps\mex]
TID: [-1234] [mexut] [2020-07-29 18:40:57,690] []  INFO {org.apache.jasper.servlet.TldScanner} - At least one JAR was scanned for TLDs yet contained no TLDs. Enable debug logging for this logger for a complete list of JARs that were scanned but no TLDs were found in them. Skipping unneeded JARs during scanning can improve startup time and JSP compilation time.
TID: [-1234] [mexut] [2020-07-29 18:40:59,498] []  INFO {org.wso2.carbon.webapp.mgt.TomcatGenericWebappsDeployer} - Deployed webapp: StandardEngine[Catalina].StandardHost[localhost].StandardContext[/mexut].File[C:\PROGRA~1\WSO2\IDENTI~1\510~1.0\bin\..\repository\deployment\server\webapps\mexut.war]
TID: [-1234] [oauth2] [2020-07-29 18:41:00,937] []  INFO {org.apache.jasper.servlet.TldScanner} - At least one JAR was scanned for TLDs yet contained no TLDs. Enable debug logging for this logger for a complete list of JARs that were scanned but no TLDs were found in them. Skipping unneeded JARs during scanning can improve startup time and JSP compilation time.
TID: [-1234] [oauth2] [2020-07-29 18:41:03,960] []  INFO {org.wso2.carbon.webapp.mgt.TomcatGenericWebappsDeployer} - Deployed webapp: StandardEngine[Catalina].StandardHost[localhost].StandardContext[/oauth2].File[C:\PROGRA~1\WSO2\IDENTI~1\510~1.0\bin\..\repository\deployment\server\webapps\oauth2.war]
TID: [-1234] [scim2] [2020-07-29 18:41:05,226] []  INFO {org.apache.jasper.servlet.TldScanner} - At least one JAR was scanned for TLDs yet contained no TLDs. Enable debug logging for this logger for a complete list of JARs that were scanned but no TLDs were found in them. Skipping unneeded JARs during scanning can improve startup time and JSP compilation time.
TID: [-1234] [scim2] [2020-07-29 18:41:07,204] []  INFO {org.wso2.carbon.webapp.mgt.TomcatGenericWebappsDeployer} - Deployed webapp: StandardEngine[Catalina].StandardHost[localhost].StandardContext[/scim2].File[C:\PROGRA~1\WSO2\IDENTI~1\510~1.0\bin\..\repository\deployment\server\webapps\scim2.war]
TID: [-1234] [smsotpauthenticationendpoint] [2020-07-29 18:41:08,352] []  INFO {org.apache.jasper.servlet.TldScanner} - At least one JAR was scanned for TLDs yet contained no TLDs. Enable debug logging for this logger for a complete list of JARs that were scanned but no TLDs were found in them. Skipping unneeded JARs during scanning can improve startup time and JSP compilation time.
TID: [-1234] [smsotpauthenticationendpoint] [2020-07-29 18:41:08,362] []  INFO {org.wso2.carbon.webapp.mgt.TomcatGenericWebappsDeployer} - Deployed webapp: StandardEngine[Catalina].StandardHost[localhost].StandardContext[/smsotpauthenticationendpoint].File[C:\PROGRA~1\WSO2\IDENTI~1\510~1.0\bin\..\repository\deployment\server\webapps\smsotpauthenticationendpoint.war]
TID: [-1234] [totpauthenticationendpoint] [2020-07-29 18:41:09,619] []  INFO {org.apache.jasper.servlet.TldScanner} - At least one JAR was scanned for TLDs yet contained no TLDs. Enable debug logging for this logger for a complete list of JARs that were scanned but no TLDs were found in them. Skipping unneeded JARs during scanning can improve startup time and JSP compilation time.
TID: [-1234] [totpauthenticationendpoint] [2020-07-29 18:41:09,643] []  INFO {org.wso2.carbon.identity.application.authentication.endpoint.util.TenantDataManager} - EndpointConfig.properties file loaded from ./repository/conf/identity/EndpointConfig.properties
TID: [-1234] [totpauthenticationendpoint] [2020-07-29 18:41:09,648] []  INFO {org.wso2.carbon.identity.application.authentication.endpoint.util.MutualSSLManager} - EndpointConfig.properties file loaded from ./repository/conf/identity/EndpointConfig.properties
TID: [-1234] [totpauthenticationendpoint] [2020-07-29 18:41:09,688] []  INFO {org.wso2.carbon.identity.application.authentication.endpoint.util.EndpointConfigManager} - EndpointConfig.properties file loaded from ./repository/conf/identity/EndpointConfig.properties
TID: [-1234] [totpauthenticationendpoint] [2020-07-29 18:41:09,720] []  INFO {org.wso2.carbon.webapp.mgt.TomcatGenericWebappsDeployer} - Deployed webapp: StandardEngine[Catalina].StandardHost[localhost].StandardContext[/totpauthenticationendpoint].File[C:\PROGRA~1\WSO2\IDENTI~1\510~1.0\bin\..\repository\deployment\server\webapps\totpauthenticationendpoint.war]
TID: [-1234] [user-portal] [2020-07-29 18:41:10,911] []  INFO {org.apache.jasper.servlet.TldScanner} - At least one JAR was scanned for TLDs yet contained no TLDs. Enable debug logging for this logger for a complete list of JARs that were scanned but no TLDs were found in them. Skipping unneeded JARs during scanning can improve startup time and JSP compilation time.
TID: [-1234] [user-portal] [2020-07-29 18:41:10,934] []  INFO {org.wso2.carbon.webapp.mgt.TomcatGenericWebappsDeployer} - Deployed webapp: StandardEngine[Catalina].StandardHost[localhost].StandardContext[/user-portal].File[C:\PROGRA~1\WSO2\IDENTI~1\510~1.0\bin\..\repository\deployment\server\webapps\user-portal]
TID: [-1234] [wso2] [2020-07-29 18:41:12,192] []  INFO {org.apache.jasper.servlet.TldScanner} - At least one JAR was scanned for TLDs yet contained no TLDs. Enable debug logging for this logger for a complete list of JARs that were scanned but no TLDs were found in them. Skipping unneeded JARs during scanning can improve startup time and JSP compilation time.
TID: [-1234] [wso2] [2020-07-29 18:41:14,304] []  INFO {org.wso2.carbon.webapp.mgt.TomcatGenericWebappsDeployer} - Deployed webapp: StandardEngine[Catalina].StandardHost[localhost].StandardContext[/wso2].File[C:\PROGRA~1\WSO2\IDENTI~1\510~1.0\bin\..\repository\deployment\server\webapps\wso2.war]
TID: [-1234] [x509certificateauthenticationendpoint] [2020-07-29 18:41:16,393] []  INFO {org.apache.jasper.servlet.TldScanner} - At least one JAR was scanned for TLDs yet contained no TLDs. Enable debug logging for this logger for a complete list of JARs that were scanned but no TLDs were found in them. Skipping unneeded JARs during scanning can improve startup time and JSP compilation time.
TID: [-1234] [x509certificateauthenticationendpoint] [2020-07-29 18:41:16,409] []  INFO {org.wso2.carbon.webapp.mgt.TomcatGenericWebappsDeployer} - Deployed webapp: StandardEngine[Catalina].StandardHost[localhost].StandardContext[/x509certificateauthenticationendpoint].File[C:\PROGRA~1\WSO2\IDENTI~1\510~1.0\bin\..\repository\deployment\server\webapps\x509certificateauthenticationendpoint.war]
TID: [-1234] [] [2020-07-29 18:41:16,415] []  INFO {org.wso2.carbon.humantask.core.HumanTaskSchedulerInitializer} - Starting HumanTasks Scheduler
TID: [-1234] [] [2020-07-29 18:41:16,431] []  INFO {openjpa.Runtime} - Starting OpenJPA 2.2.0-wso2v1
TID: [-1234] [] [2020-07-29 18:41:16,536] []  INFO {openjpa.jdbc.JDBC} - Using dictionary class "org.apache.openjpa.jdbc.sql.H2Dictionary".
TID: [-1234] [] [2020-07-29 18:41:17,538] []  INFO {org.wso2.carbon.core.transports.http.HttpTransportListener} - HTTP port        : 9763
TID: [-1234] [] [2020-07-29 18:41:17,540] []  INFO {org.wso2.carbon.core.transports.http.HttpsTransportListener} - HTTPS port       : 9443
TID: [-1234] [] [2020-07-29 18:41:17,673] []  WARN {org.apache.tomcat.util.net.SSLUtilBase} - jsseUtil.trustedCertNotValid
TID: [-1234] [] [2020-07-29 18:41:17,675] []  WARN {org.apache.tomcat.util.net.SSLUtilBase} - jsseUtil.trustedCertNotValid
TID: [-1234] [] [2020-07-29 18:41:17,677] []  WARN {org.apache.tomcat.util.net.SSLUtilBase} - jsseUtil.trustedCertNotValid
TID: [-1234] [] [2020-07-29 18:41:17,679] []  WARN {org.apache.tomcat.util.net.SSLUtilBase} - jsseUtil.trustedCertNotValid
TID: [-1234] [] [2020-07-29 18:41:17,741] []  INFO {org.wso2.carbon.bpel.core.ode.integration.BPELSchedulerInitializer} - Starting BPS Scheduler
TID: [-1] [] [2020-07-29 18:41:17,744] []  INFO {org.wso2.callhome.internal.CallHomeObserver} - 
...............................................................................
There are 90 updates available for the product 'wso2is-5.10.0'.[WARNING] There
are 14 critical security updates for the product 'wso2is-5.10.0'. WSO2 strongly
recommends to apply these updates in production as soon as possible.
...............................................................................
TID: [-1234] [] [2020-07-29 18:41:17,748] []  INFO {openjpa.Runtime} - Starting OpenJPA 2.2.0-wso2v1
TID: [-1234] [] [2020-07-29 18:41:17,751] []  INFO {openjpa.jdbc.JDBC} - Using dictionary class "org.apache.openjpa.jdbc.sql.H2Dictionary" (H2 1.4.199 (2019-03-13) ,H2 JDBC Driver 1.4.199 (2019-03-13)).
TID: [-1234] [] [2020-07-29 18:41:17,883] []  INFO {org.wso2.carbon.core.internal.StartupFinalizerServiceComponent} - Server           :  WSO2 Identity Server-5.10.0
TID: [-1234] [] [2020-07-29 18:41:17,886] []  INFO {org.wso2.carbon.core.internal.StartupFinalizerServiceComponent} - WSO2 Carbon started in 148 sec
TID: [-1234] [] [2020-07-29 18:41:17,936] []  INFO {org.wso2.carbon.healthcheck.api.core.internal.HealthMonitorServiceComponent} - Carbon health monitoring service is activated..
TID: [-1234] [] [2020-07-29 18:41:18,603] []  INFO {org.apache.jasper.servlet.TldScanner} - At least one JAR was scanned for TLDs yet contained no TLDs. Enable debug logging for this logger for a complete list of JARs that were scanned but no TLDs were found in them. Skipping unneeded JARs during scanning can improve startup time and JSP compilation time.
TID: [-1234] [] [2020-07-29 18:41:18,657] []  INFO {org.wso2.carbon.ui.internal.CarbonUIServiceComponent} - Mgt Console URL  : https://localhost:9443/carbon/
TID: [-1234] [] [2020-07-29 18:41:18,697] []  INFO {org.wso2.carbon.identity.authenticator.x509Certificate.internal.X509CertificateServiceComponent} - X509 Certificate Servlet activated successfully..
TID: [-1234] [] [2020-07-29 18:44:57,063] [08a03009-512e-477f-836e-baeaa805238e]  INFO {org.wso2.carbon.core.services.util.CarbonAuthenticationUtil} - 'admin@carbon.super [-1234]' logged in at [2020-07-29 18:44:57,062+0530]
TID: [-1234] [] [2020-07-29 19:05:40,033] [be25e7aa-56bf-4857-a9e0-84a006da1450]  INFO {org.wso2.carbon.core.services.util.CarbonAuthenticationUtil} - 'admin@carbon.super [-1234]' logged in at [2020-07-29 19:05:40,033+0530]
