TID: [-1] [] [2020-07-27 11:20:06,354] []  INFO {org.ops4j.pax.logging.spi.support.EventAdminConfigurationNotifier} - Sending Event Admin nofification (configuration successful) to org/ops4j/pax/logging/Configuration
TID: [-1234] [] [2020-07-27 11:20:06,354] []  INFO {org.wso2.carbon.core.internal.CarbonCoreActivator} - Starting WSO2 Carbon...
TID: [-1234] [] [2020-07-27 11:20:06,372] []  INFO {org.wso2.carbon.core.internal.CarbonCoreActivator} - Operating System : Windows 10 10.0, amd64
TID: [-1234] [] [2020-07-27 11:20:06,373] []  INFO {org.wso2.carbon.core.internal.CarbonCoreActivator} - Java Home        : C:\Program Files\Java\jdk1.8.0_251\jre
TID: [-1234] [] [2020-07-27 11:20:06,373] []  INFO {org.wso2.carbon.core.internal.CarbonCoreActivator} - Java Version     : 1.8.0_251
TID: [-1234] [] [2020-07-27 11:20:06,374] []  INFO {org.wso2.carbon.core.internal.CarbonCoreActivator} - Java VM          : Java HotSpot(TM) 64-Bit Server VM 25.251-b08,Oracle Corporation
TID: [-1234] [] [2020-07-27 11:20:06,375] []  INFO {org.wso2.carbon.core.internal.CarbonCoreActivator} - Carbon Home      : C:\PROGRA~1\WSO2\IDENTI~1\510~1.0\bin\..
TID: [-1234] [] [2020-07-27 11:20:06,375] []  INFO {org.wso2.carbon.core.internal.CarbonCoreActivator} - Java Temp Dir    : C:\PROGRA~1\WSO2\IDENTI~1\510~1.0\bin\..\tmp
TID: [-1234] [] [2020-07-27 11:20:06,376] []  INFO {org.wso2.carbon.core.internal.CarbonCoreActivator} - User             : sharm, en-IN, Asia/Calcutta
TID: [-1] [] [2020-07-27 11:20:06,632] []  INFO {org.wso2.carbon.crypto.provider.internal.DefaultCryptoProviderComponent} - 'CryptoService.Secret' property has not been set. 'org.wso2.carbon.crypto.provider.SymmetricKeyInternalCryptoProvider' won't be registered as an internal crypto provider. Please set the secret if the provider needs to be registered.
TID: [-1] [] [2020-07-27 11:20:06,822] []  INFO {org.wso2.carbon.event.output.adapter.kafka.internal.ds.KafkaEventAdapterServiceDS} - Successfully deployed the Kafka output event adaptor service
TID: [-1] [] [2020-07-27 11:20:07,430] []  INFO {org.wso2.carbon.identity.oauth.uma.grant.internal.UMA2GrantServiceComponent} - Policy evaluator registered successfully: DefaultPolicyEvaluator
TID: [-1] [] [2020-07-27 11:20:07,430] []  INFO {org.wso2.carbon.identity.oauth.uma.grant.internal.UMA2GrantServiceComponent} - UMA Grant component activated successfully.
TID: [-1234] [] [2020-07-27 11:20:08,034] []  INFO {org.wso2.carbon.ldap.server.configuration.LDAPConfigurationBuilder} - KDC server is disabled.
TID: [-1234] [] [2020-07-27 11:20:12,779] []  INFO {org.apache.directory.server.KERBEROS_LOG} - KeyDerivation Interceptor initialized
TID: [-1] [] [2020-07-27 11:20:13,541] []  INFO {org.wso2.carbon.mex.internal.Office365SupportMexComponent} - Office365Support MexServiceComponent bundle activated successfully..
TID: [-1] [] [2020-07-27 11:20:13,559] []  INFO {org.wso2.carbon.mex2.internal.DynamicCRMCustomMexComponent} - DynamicCRMSupport MexServiceComponent bundle activated successfully.
TID: [-1234] [] [2020-07-27 11:20:16,368] []  INFO {org.wso2.carbon.user.core.ldap.UniqueIDReadWriteLDAPUserStoreManager} - LDAP connection created successfully in read-write mode
TID: [-1234] [] [2020-07-27 11:20:16,507] []  INFO {org.wso2.carbon.consent.mgt.core.internal.ConsentManagerComponent} - ConsentManagerComponent is activated.
TID: [-1234] [] [2020-07-27 11:20:17,416] []  INFO {org.wso2.carbon.registry.core.jdbc.EmbeddedRegistryService} - Configured Registry in 128ms
TID: [-1234] [] [2020-07-27 11:20:17,461] []  INFO {org.wso2.carbon.registry.core.jdbc.EmbeddedRegistryService} - Connected to mount at configregistry in 10ms
TID: [-1234] [] [2020-07-27 11:20:17,463] []  INFO {org.wso2.carbon.registry.core.jdbc.EmbeddedRegistryService} - Connected to mount at govregistry in 12ms
TID: [-1234] [] [2020-07-27 11:20:17,582] []  INFO {org.wso2.carbon.registry.core.jdbc.EmbeddedRegistryService} - Connected to mount at configregistry in 0ms
TID: [-1234] [] [2020-07-27 11:20:17,585] []  INFO {org.wso2.carbon.registry.core.jdbc.EmbeddedRegistryService} - Connected to mount at govregistry in 3ms
TID: [-1234] [] [2020-07-27 11:20:17,599] []  INFO {org.wso2.carbon.registry.core.internal.RegistryCoreServiceComponent} - Registry Mode    : READ-WRITE
TID: [-1234] [] [2020-07-27 11:20:17,705] []  INFO {org.wso2.carbon.metrics.impl.util.JmxReporterBuilder} - Creating JMX reporter for Metrics with domain 'org.wso2.carbon.metrics'
TID: [-1234] [] [2020-07-27 11:20:17,714] []  INFO {org.wso2.carbon.metrics.impl.reporter.AbstractReporter} - Started JMX reporter for Metrics
TID: [-1] [] [2020-07-27 11:20:20,151] []  INFO {org.apache.jasper.servlet.TldScanner} - At least one JAR was scanned for TLDs yet contained no TLDs. Enable debug logging for this logger for a complete list of JARs that were scanned but no TLDs were found in them. Skipping unneeded JARs during scanning can improve startup time and JSP compilation time.
TID: [-1234] [] [2020-07-27 11:20:20,465] []  INFO {org.wso2.carbon.registry.indexing.solr.SolrClient} - Default Embedded Solr Server Initialized
TID: [-1234] [] [2020-07-27 11:20:20,867] []  INFO {org.wso2.carbon.identity.authenticator.x509Certificate.internal.X509CertificateServiceComponent} - X509 Certificate Servlet activated successfully..
TID: [-1234] [] [2020-07-27 11:20:21,354] []  INFO {org.wso2.carbon.user.core.internal.UserStoreMgtDSComponent} - Carbon UserStoreMgtDSComponent activated successfully.
TID: [-1] [] [2020-07-27 11:20:21,462] []  INFO {org.wso2.carbon.attachment.mgt.server.internal.AttachmentServiceComponent} - Initialising Attachment Server
TID: [-1] [] [2020-07-27 11:20:21,845] []  INFO {org.wso2.carbon.attachment.mgt.core.dao.impl.jpa.AbstractJPAVendorAdapter} - [Attachment-Mgt OpenJPA] DB Dictionary: h2
TID: [-1] [] [2020-07-27 11:20:21,846] []  INFO {org.wso2.carbon.attachment.mgt.core.dao.impl.jpa.AbstractJPAVendorAdapter} - [Attachment-Mgt OpenJPA] Generate DDL Enabled.
TID: [-1] [] [2020-07-27 11:20:22,064] []  INFO {org.wso2.carbon.attachment.mgt.server.internal.AttachmentServiceComponent} - Registering AttachmentServerService
TID: [-1] [] [2020-07-27 11:20:22,084] []  INFO {org.wso2.carbon.bpel.core.internal.BPELServiceComponent} - Initializing BPEL Engine........
TID: [-1] [] [2020-07-27 11:20:22,136] []  INFO {org.apache.ode.il.EmbeddedGeronimoFactory} - Using embedded Geronimo transaction manager
TID: [-1] [] [2020-07-27 11:20:22,193] []  INFO {org.apache.ode.il.dbutil.Database} - ODE using external DataSource "bpsds".
TID: [-1] [] [2020-07-27 11:20:22,194] []  INFO {org.wso2.carbon.bpel.core.ode.integration.BPELServerImpl} - Using DAO Connection Factory class: org.apache.ode.dao.jpa.BPELDAOConnectionFactoryImpl
TID: [-1] [] [2020-07-27 11:20:22,196] []  INFO {org.apache.ode.il.dbutil.Database} - Using DAO Connection Factory class org.apache.ode.dao.jpa.BPELDAOConnectionFactoryImpl.
TID: [-1] [] [2020-07-27 11:20:22,432] []  INFO {org.apache.ode.store.jpa.DbConfStoreConnectionFactory} - ProcessStore initializing transaction manager using org.apache.ode.il.EmbeddedGeronimoFactory
TID: [-1] [] [2020-07-27 11:20:22,434] []  INFO {org.apache.ode.il.EmbeddedGeronimoFactory} - Using embedded Geronimo transaction manager
TID: [-1] [] [2020-07-27 11:20:22,477] []  INFO {org.apache.ode.scheduler.simple.JdbcDelegate} - Using database H2 major version 1
TID: [-1] [] [2020-07-27 11:20:22,479] []  INFO {org.apache.ode.scheduler.simple.JdbcDelegate} - Using database dialect: H2
TID: [-1] [] [2020-07-27 11:20:22,507] []  INFO {org.wso2.carbon.bpel.core.ode.integration.BPELServerImpl} - This node is a manager node
TID: [-1] [] [2020-07-27 11:20:22,530] []  INFO {org.wso2.carbon.bpel.core.ode.integration.BPELServerImpl} - Registering E4X Extension...
TID: [-1] [] [2020-07-27 11:20:22,550] []  INFO {org.wso2.carbon.bpel.core.ode.integration.BPELServerImpl} - Registering B4P Extension...
TID: [-1] [] [2020-07-27 11:20:22,572] []  INFO {org.wso2.carbon.bpel.core.ode.integration.BPELServerImpl} - Registering B4P Filter...
TID: [-1] [] [2020-07-27 11:20:22,583] []  INFO {org.apache.ode.bpel.engine.BpelServerImpl} - BPEL Server Started.
TID: [-1] [] [2020-07-27 11:20:22,585] []  INFO {org.wso2.carbon.bpel.core.ode.integration.BPELServerImpl} - Registering MBeans
TID: [-1] [] [2020-07-27 11:20:22,662] []  INFO {org.wso2.carbon.humantask.core.internal.HumanTaskServiceComponent} - Initialising HumanTask Server
TID: [-1] [] [2020-07-27 11:20:22,735] []  INFO {org.apache.ode.il.EmbeddedGeronimoFactory} - Using embedded Geronimo transaction manager
TID: [-1] [] [2020-07-27 11:20:22,763] []  INFO {org.wso2.carbon.humantask.core.dao.jpa.AbstractJPAVendorAdapter} - [HT OpenJPA] DB Dictionary: h2
TID: [-1] [] [2020-07-27 11:20:22,765] []  INFO {org.wso2.carbon.humantask.core.dao.jpa.AbstractJPAVendorAdapter} - [HT OpenJPA] Generate DDL Enabled.
TID: [-1] [] [2020-07-27 11:20:22,819] []  INFO {org.wso2.carbon.humantask.core.internal.HumanTaskServiceComponent} - Registering Axis2ConfigurationContextObserver
TID: [-1] [] [2020-07-27 11:20:22,846] []  INFO {org.wso2.carbon.humantask.core.internal.HumanTaskServiceComponent} - Registering HT related MBeans
TID: [-1] [] [2020-07-27 11:20:22,856] []  INFO {org.wso2.carbon.humantask.core.internal.HumanTaskServiceComponent} - MXBean for Human tasks registered successfully
TID: [-1234] [] [2020-07-27 11:20:24,905] []  INFO {org.wso2.carbon.identity.user.store.configuration.deployer.UserStoreConfigurationDeployer} - User Store Configuration Deployer initiated.
TID: [-1234] [] [2020-07-27 11:20:24,907] []  INFO {org.wso2.carbon.identity.user.store.configuration.deployer.UserStoreConfigurationDeployer} - User Store Configuration Deployer initiated.
TID: [-1234] [] [2020-07-27 11:20:24,916] []  INFO {org.wso2.carbon.bpel.deployer.BPELDeployer} - Initializing BPEL Deployer for tenant -1234.
TID: [-1234] [] [2020-07-27 11:20:24,932] []  INFO {org.wso2.carbon.humantask.deployer.HumanTaskDeployer} - Initializing HumanTask Deployer for tenant -1234.
TID: [-1234] [] [2020-07-27 11:20:26,036] []  INFO {org.apache.axis2.transport.mail.MailTransportSender} - MAILTO Sender started
TID: [-1234] [] [2020-07-27 11:20:26,052] []  WARN {javax.mail} - expected resource not found: /META-INF/javamail.default.address.map
TID: [-1234] [I18nEmailMgtConfigService] [2020-07-27 11:20:27,769] []  INFO {org.wso2.carbon.core.deployment.DeploymentInterceptor} - Deploying Axis2 service: I18nEmailMgtConfigService {super-tenant}
TID: [-1234] [AccountCredentialMgtConfigService] [2020-07-27 11:20:30,012] []  INFO {org.wso2.carbon.core.deployment.DeploymentInterceptor} - Deploying Axis2 service: AccountCredentialMgtConfigService {super-tenant}
TID: [-1234] [UserIdentityManagementAdminService] [2020-07-27 11:20:30,015] []  INFO {org.wso2.carbon.core.deployment.DeploymentInterceptor} - Deploying Axis2 service: UserIdentityManagementAdminService {super-tenant}
TID: [-1234] [UserInformationRecoveryService] [2020-07-27 11:20:30,018] []  INFO {org.wso2.carbon.core.deployment.DeploymentInterceptor} - Deploying Axis2 service: UserInformationRecoveryService {super-tenant}
TID: [-1234] [SAMLQueryService] [2020-07-27 11:20:30,220] []  INFO {org.wso2.carbon.core.deployment.DeploymentInterceptor} - Deploying Axis2 service: SAMLQueryService {super-tenant}
TID: [-1234] [] [2020-07-27 11:20:30,329] []  WARN {org.apache.axis2.description.java2wsdl.DefaultSchemaGenerator} - We don't support method overloading. Ignoring [doSingleLogout]
TID: [-1234] [mex-ut] [2020-07-27 11:20:31,063] []  INFO {org.wso2.carbon.core.deployment.DeploymentInterceptor} - Deploying Axis2 service: mex-ut {super-tenant}
TID: [-1234] [mex-ut2] [2020-07-27 11:20:31,070] []  INFO {org.wso2.carbon.core.deployment.DeploymentInterceptor} - Deploying Axis2 service: mex-ut2 {super-tenant}
TID: [-1234] [wso2carbon-sts] [2020-07-27 11:20:32,291] []  INFO {org.wso2.carbon.core.deployment.DeploymentInterceptor} - Deploying Axis2 service: wso2carbon-sts {super-tenant}
TID: [-1234] [] [2020-07-27 11:20:32,930] []  INFO {org.wso2.carbon.core.init.CarbonServerManager} - Repository       : C:\PROGRA~1\WSO2\IDENTI~1\510~1.0\bin\../repository/deployment/server/
TID: [-1234] [] [2020-07-27 11:20:32,984] []  INFO {org.wso2.carbon.core.multitenancy.eager.TenantLoadingConfig} - Using tenant lazy loading policy...
TID: [-1234] [] [2020-07-27 11:20:33,002] []  INFO {org.wso2.carbon.core.internal.permission.update.PermissionUpdater} - Permission cache updated for tenant -1234
TID: [-1234] [] [2020-07-27 11:20:34,984] []  INFO {org.wso2.carbon.user.core.internal.UserStoreMgtDSComponent} - Claim manager set for class org.wso2.carbon.user.core.common.DefaultRealm
TID: [-1234] [] [2020-07-27 11:20:34,994] []  INFO {org.wso2.carbon.user.core.internal.UserStoreMgtDSComponent} - Claim manager set for class org.wso2.carbon.user.core.ldap.UniqueIDReadWriteLDAPUserStoreManager
TID: [-1234] [] [2020-07-27 11:20:35,278] []  INFO {org.wso2.balana.ConfigurationStore} - Loading runtime configuration
TID: [-1] [] [2020-07-27 11:20:35,286] []  INFO {org.wso2.carbon.identity.entitlement.internal.SchemaBuilder} - XACML policy schema loaded successfully.
TID: [-1234] [] [2020-07-27 11:20:35,718] []  INFO {org.wso2.carbon.identity.oauth.uma.xacml.service.internal.AppUMAServiceComponents} - XACML UMA Handler activated successfully.
TID: [-1234] [] [2020-07-27 11:20:36,002] []  INFO {org.wso2.carbon.identity.oauth.config.OAuthServerConfiguration} - The default OAuth token issuer will be used. No custom token generator is set.
TID: [-1234] [] [2020-07-27 11:20:36,058] []  INFO {org.wso2.identity.apps.common.internal.AppsCommonServiceComponent} - Identity apps common service component activated successfully.
TID: [-1234] [] [2020-07-27 11:20:36,120] []  INFO {org.wso2.carbon.identity.oauth2.internal.OAuth2ServiceComponent} - PKCE Support enabled.
TID: [-1234] [] [2020-07-27 11:20:36,805] []  WARN {org.wso2.carbon.identity.event.internal.IdentityEventServiceComponent} - Properties for userOperationDataDASPublisher is not configured. This event handler will not be activated
TID: [-1234] [] [2020-07-27 11:20:37,613] []  INFO {org.wso2.carbon.identity.local.auth.api.core.internal.AuthAPIServiceComponent} - Auth API Service Component  is activated.
TID: [-1234] [] [2020-07-27 11:20:38,584] []  INFO {org.wso2.carbon.identity.application.authentication.framework.store.SessionDataStore} - Thread pool size for temporary authentication context data delete task: 20
TID: [-1234] [] [2020-07-27 11:20:39,525] []  INFO {org.wso2.carbon.healthcheck.api.core.internal.HealthMonitorServiceComponent} - Carbon health monitoring service is activated..
TID: [-1234] [] [2020-07-27 11:20:40,730] []  INFO {org.wso2.carbon.event.publisher.core.EventPublisherDeployer} - Event Publisher deployment held back and in inactive state :EmailPublisher.xml, Stream validation exception : Stream id_gov_notify_stream:1.0.0 does not exist
TID: [-1234] [] [2020-07-27 11:20:40,736] []  INFO {org.wso2.carbon.event.publisher.core.EventPublisherDeployer} - Event Publisher deployment held back and in inactive state :IsAnalytics-Publisher-wso2event-AuthenticationData.xml, Stream validation exception : Stream org.wso2.is.analytics.stream.OverallAuthentication:1.0.0 does not exist
TID: [-1234] [] [2020-07-27 11:20:40,741] []  INFO {org.wso2.carbon.event.publisher.core.EventPublisherDeployer} - Event Publisher deployment held back and in inactive state :IsAnalytics-Publisher-wso2event-OauthTokenIssueRefresh.xml, Stream validation exception : Stream org.wso2.is.analytics.stream.OauthTokenIssuance:1.0.0 does not exist
TID: [-1234] [] [2020-07-27 11:20:40,746] []  INFO {org.wso2.carbon.event.publisher.core.EventPublisherDeployer} - Event Publisher deployment held back and in inactive state :IsAnalytics-Publisher-wso2event-OauthTokenRevocation.xml, Stream validation exception : Stream org.wso2.is.analytics.stream.OauthTokenRevocation:1.0.0 does not exist
TID: [-1234] [] [2020-07-27 11:20:40,751] []  INFO {org.wso2.carbon.event.publisher.core.EventPublisherDeployer} - Event Publisher deployment held back and in inactive state :IsAnalytics-Publisher-wso2event-OauthTokenValidation.xml, Stream validation exception : Stream org.wso2.is.analytics.stream.OauthTokenValidation:1.0.0 does not exist
TID: [-1234] [] [2020-07-27 11:20:40,755] []  INFO {org.wso2.carbon.event.publisher.core.EventPublisherDeployer} - Event Publisher deployment held back and in inactive state :IsAnalytics-Publisher-wso2event-RoleData.xml, Stream validation exception : Stream org.wso2.is.analytics.stream.OverallRoleData:1.0.0 does not exist
TID: [-1234] [] [2020-07-27 11:20:40,761] []  INFO {org.wso2.carbon.event.publisher.core.EventPublisherDeployer} - Event Publisher deployment held back and in inactive state :IsAnalytics-Publisher-wso2event-SessionData.xml, Stream validation exception : Stream org.wso2.is.analytics.stream.OverallSession:1.0.0 does not exist
TID: [-1234] [] [2020-07-27 11:20:40,765] []  INFO {org.wso2.carbon.event.publisher.core.EventPublisherDeployer} - Event Publisher deployment held back and in inactive state :IsAnalytics-Publisher-wso2event-UserData.xml, Stream validation exception : Stream org.wso2.is.analytics.stream.OverallUserData:1.0.0 does not exist
TID: [-1234] [] [2020-07-27 11:20:40,781] []  INFO {org.wso2.carbon.event.publisher.core.EventPublisherDeployer} - Event Publisher undeployed successfully : EmailPublisher.xml
TID: [-1234] [] [2020-07-27 11:20:40,797] []  INFO {org.wso2.carbon.event.stream.core.internal.EventJunction} - WSO2EventConsumer added to the junction. Stream:id_gov_notify_stream:1.0.0
TID: [-1234] [] [2020-07-27 11:20:40,802] []  INFO {org.wso2.carbon.event.publisher.core.EventPublisherDeployer} - Event Publisher configuration successfully deployed and in active state : EmailPublisher
TID: [-1234] [] [2020-07-27 11:20:40,803] []  INFO {org.wso2.carbon.event.stream.core.EventStreamDeployer} - Stream definition is deployed successfully  : id_gov_notify_stream:1.0.0
TID: [-1234] [] [2020-07-27 11:20:40,805] []  INFO {org.wso2.carbon.event.stream.core.EventStreamDeployer} - Stream definition is deployed successfully  : id_gov_sms_notify_stream:1.0.0
TID: [-1234] [] [2020-07-27 11:20:40,808] []  INFO {org.wso2.carbon.event.publisher.core.EventPublisherDeployer} - Event Publisher undeployed successfully : IsAnalytics-Publisher-wso2event-OauthTokenIssueRefresh.xml
TID: [-1234] [] [2020-07-27 11:20:41,213] []  INFO {org.wso2.carbon.event.stream.core.internal.EventJunction} - WSO2EventConsumer added to the junction. Stream:org.wso2.is.analytics.stream.OauthTokenIssuance:1.0.0
TID: [-1234] [] [2020-07-27 11:20:41,220] []  INFO {org.wso2.carbon.event.publisher.core.EventPublisherDeployer} - Event Publisher configuration successfully deployed and in active state : IsAnalytics-Publisher-wso2event-OauthTokenIssueRefresh
TID: [-1234] [] [2020-07-27 11:20:41,221] []  INFO {org.wso2.carbon.event.stream.core.EventStreamDeployer} - Stream definition is deployed successfully  : org.wso2.is.analytics.stream.OauthTokenIssuance:1.0.0
TID: [-1234] [] [2020-07-27 11:20:41,224] []  INFO {org.wso2.carbon.event.publisher.core.EventPublisherDeployer} - Event Publisher undeployed successfully : IsAnalytics-Publisher-wso2event-OauthTokenRevocation.xml
TID: [-1234] [] [2020-07-27 11:20:41,241] []  INFO {org.wso2.carbon.event.stream.core.internal.EventJunction} - WSO2EventConsumer added to the junction. Stream:org.wso2.is.analytics.stream.OauthTokenRevocation:1.0.0
TID: [-1234] [] [2020-07-27 11:20:41,242] []  INFO {org.wso2.carbon.event.publisher.core.EventPublisherDeployer} - Event Publisher configuration successfully deployed and in active state : IsAnalytics-Publisher-wso2event-OauthTokenRevocation
TID: [-1234] [] [2020-07-27 11:20:41,245] []  INFO {org.wso2.carbon.event.stream.core.EventStreamDeployer} - Stream definition is deployed successfully  : org.wso2.is.analytics.stream.OauthTokenRevocation:1.0.0
TID: [-1234] [] [2020-07-27 11:20:41,250] []  INFO {org.wso2.carbon.event.publisher.core.EventPublisherDeployer} - Event Publisher undeployed successfully : IsAnalytics-Publisher-wso2event-OauthTokenValidation.xml
TID: [-1234] [] [2020-07-27 11:20:41,267] []  INFO {org.wso2.carbon.event.stream.core.internal.EventJunction} - WSO2EventConsumer added to the junction. Stream:org.wso2.is.analytics.stream.OauthTokenValidation:1.0.0
TID: [-1234] [] [2020-07-27 11:20:41,268] []  INFO {org.wso2.carbon.event.publisher.core.EventPublisherDeployer} - Event Publisher configuration successfully deployed and in active state : IsAnalytics-Publisher-wso2event-OauthTokenValidation
TID: [-1234] [] [2020-07-27 11:20:41,270] []  INFO {org.wso2.carbon.event.stream.core.EventStreamDeployer} - Stream definition is deployed successfully  : org.wso2.is.analytics.stream.OauthTokenValidation:1.0.0
TID: [-1234] [] [2020-07-27 11:20:41,274] []  INFO {org.wso2.carbon.event.publisher.core.EventPublisherDeployer} - Event Publisher undeployed successfully : IsAnalytics-Publisher-wso2event-AuthenticationData.xml
TID: [-1234] [] [2020-07-27 11:20:41,295] []  INFO {org.wso2.carbon.event.stream.core.internal.EventJunction} - WSO2EventConsumer added to the junction. Stream:org.wso2.is.analytics.stream.OverallAuthentication:1.0.0
TID: [-1234] [] [2020-07-27 11:20:41,296] []  INFO {org.wso2.carbon.event.publisher.core.EventPublisherDeployer} - Event Publisher configuration successfully deployed and in active state : IsAnalytics-Publisher-wso2event-AuthenticationData
TID: [-1234] [] [2020-07-27 11:20:41,298] []  INFO {org.wso2.carbon.event.stream.core.EventStreamDeployer} - Stream definition is deployed successfully  : org.wso2.is.analytics.stream.OverallAuthentication:1.0.0
TID: [-1234] [] [2020-07-27 11:20:41,301] []  INFO {org.wso2.carbon.event.publisher.core.EventPublisherDeployer} - Event Publisher undeployed successfully : IsAnalytics-Publisher-wso2event-RoleData.xml
TID: [-1234] [] [2020-07-27 11:20:41,316] []  INFO {org.wso2.carbon.event.stream.core.internal.EventJunction} - WSO2EventConsumer added to the junction. Stream:org.wso2.is.analytics.stream.OverallRoleData:1.0.0
TID: [-1234] [] [2020-07-27 11:20:41,318] []  INFO {org.wso2.carbon.event.publisher.core.EventPublisherDeployer} - Event Publisher configuration successfully deployed and in active state : IsAnalytics-Publisher-wso2event-RoleData
TID: [-1234] [] [2020-07-27 11:20:41,319] []  INFO {org.wso2.carbon.event.stream.core.EventStreamDeployer} - Stream definition is deployed successfully  : org.wso2.is.analytics.stream.OverallRoleData:1.0.0
TID: [-1234] [] [2020-07-27 11:20:41,325] []  INFO {org.wso2.carbon.event.publisher.core.EventPublisherDeployer} - Event Publisher undeployed successfully : IsAnalytics-Publisher-wso2event-SessionData.xml
TID: [-1234] [] [2020-07-27 11:20:41,347] []  INFO {org.wso2.carbon.event.stream.core.internal.EventJunction} - WSO2EventConsumer added to the junction. Stream:org.wso2.is.analytics.stream.OverallSession:1.0.0
TID: [-1234] [] [2020-07-27 11:20:41,349] []  INFO {org.wso2.carbon.event.publisher.core.EventPublisherDeployer} - Event Publisher configuration successfully deployed and in active state : IsAnalytics-Publisher-wso2event-SessionData
TID: [-1234] [] [2020-07-27 11:20:41,352] []  INFO {org.wso2.carbon.event.stream.core.EventStreamDeployer} - Stream definition is deployed successfully  : org.wso2.is.analytics.stream.OverallSession:1.0.0
TID: [-1234] [] [2020-07-27 11:20:41,357] []  INFO {org.wso2.carbon.event.publisher.core.EventPublisherDeployer} - Event Publisher undeployed successfully : IsAnalytics-Publisher-wso2event-UserData.xml
TID: [-1234] [] [2020-07-27 11:20:41,375] []  INFO {org.wso2.carbon.event.stream.core.internal.EventJunction} - WSO2EventConsumer added to the junction. Stream:org.wso2.is.analytics.stream.OverallUserData:1.0.0
TID: [-1234] [] [2020-07-27 11:20:41,378] []  INFO {org.wso2.carbon.event.publisher.core.EventPublisherDeployer} - Event Publisher configuration successfully deployed and in active state : IsAnalytics-Publisher-wso2event-UserData
TID: [-1234] [] [2020-07-27 11:20:41,380] []  INFO {org.wso2.carbon.event.stream.core.EventStreamDeployer} - Stream definition is deployed successfully  : org.wso2.is.analytics.stream.OverallUserData:1.0.0
TID: [-1234] [STRATOS_ROOT] [2020-07-27 11:20:42,695] []  INFO {org.apache.jasper.servlet.TldScanner} - At least one JAR was scanned for TLDs yet contained no TLDs. Enable debug logging for this logger for a complete list of JARs that were scanned but no TLDs were found in them. Skipping unneeded JARs during scanning can improve startup time and JSP compilation time.
TID: [-1234] [STRATOS_ROOT] [2020-07-27 11:20:42,730] []  INFO {org.wso2.carbon.webapp.mgt.TomcatGenericWebappsDeployer} - Deployed webapp: StandardEngine[Catalina].StandardHost[localhost].StandardContext[/STRATOS_ROOT].File[C:\PROGRA~1\WSO2\IDENTI~1\510~1.0\bin\..\repository\deployment\server\webapps\STRATOS_ROOT]
TID: [-1234] [accountrecoveryendpoint] [2020-07-27 11:20:45,811] []  INFO {org.apache.jasper.servlet.TldScanner} - At least one JAR was scanned for TLDs yet contained no TLDs. Enable debug logging for this logger for a complete list of JARs that were scanned but no TLDs were found in them. Skipping unneeded JARs during scanning can improve startup time and JSP compilation time.
TID: [-1234] [accountrecoveryendpoint] [2020-07-27 11:20:46,450] []  INFO {org.wso2.carbon.webapp.mgt.TomcatGenericWebappsDeployer} - Deployed webapp: StandardEngine[Catalina].StandardHost[localhost].StandardContext[/accountrecoveryendpoint].File[C:\PROGRA~1\WSO2\IDENTI~1\510~1.0\bin\..\repository\deployment\server\webapps\accountrecoveryendpoint]
TID: [-1234] [api] [2020-07-27 11:20:49,454] []  INFO {org.apache.jasper.servlet.TldScanner} - At least one JAR was scanned for TLDs yet contained no TLDs. Enable debug logging for this logger for a complete list of JARs that were scanned but no TLDs were found in them. Skipping unneeded JARs during scanning can improve startup time and JSP compilation time.
TID: [-1234] [api] [2020-07-27 11:20:55,088] []  INFO {org.hibernate.validator.internal.util.Version} - HV000001: Hibernate Validator 6.0.17.Final
TID: [-1234] [api] [2020-07-27 11:20:58,836] []  INFO {org.wso2.carbon.webapp.mgt.TomcatGenericWebappsDeployer} - Deployed webapp: StandardEngine[Catalina].StandardHost[localhost].StandardContext[/api].File[C:\PROGRA~1\WSO2\IDENTI~1\510~1.0\bin\..\repository\deployment\server\webapps\api]
TID: [-1234] [api#health-check#v1.0] [2020-07-27 11:21:00,336] []  INFO {org.apache.jasper.servlet.TldScanner} - At least one JAR was scanned for TLDs yet contained no TLDs. Enable debug logging for this logger for a complete list of JARs that were scanned but no TLDs were found in them. Skipping unneeded JARs during scanning can improve startup time and JSP compilation time.
TID: [-1234] [api#health-check#v1.0] [2020-07-27 11:21:04,074] []  INFO {org.wso2.carbon.webapp.mgt.TomcatGenericWebappsDeployer} - Deployed webapp: StandardEngine[Catalina].StandardHost[localhost].StandardContext[/api/health-check/v1.0].File[C:\PROGRA~1\WSO2\IDENTI~1\510~1.0\bin\..\repository\deployment\server\webapps\api#health-check#v1.0.war]
TID: [-1234] [api#identity#auth#v1.1] [2020-07-27 11:21:05,722] []  INFO {org.apache.jasper.servlet.TldScanner} - At least one JAR was scanned for TLDs yet contained no TLDs. Enable debug logging for this logger for a complete list of JARs that were scanned but no TLDs were found in them. Skipping unneeded JARs during scanning can improve startup time and JSP compilation time.
TID: [-1234] [api#identity#auth#v1.1] [2020-07-27 11:21:08,175] []  INFO {org.wso2.carbon.webapp.mgt.TomcatGenericWebappsDeployer} - Deployed webapp: StandardEngine[Catalina].StandardHost[localhost].StandardContext[/api/identity/auth/v1.1].File[C:\PROGRA~1\WSO2\IDENTI~1\510~1.0\bin\..\repository\deployment\server\webapps\api#identity#auth#v1.1.war]
TID: [-1234] [api#identity#config-mgt#v1.0] [2020-07-27 11:21:09,923] []  INFO {org.apache.jasper.servlet.TldScanner} - At least one JAR was scanned for TLDs yet contained no TLDs. Enable debug logging for this logger for a complete list of JARs that were scanned but no TLDs were found in them. Skipping unneeded JARs during scanning can improve startup time and JSP compilation time.
TID: [-1234] [api#identity#config-mgt#v1.0] [2020-07-27 11:21:12,976] []  INFO {org.wso2.carbon.webapp.mgt.TomcatGenericWebappsDeployer} - Deployed webapp: StandardEngine[Catalina].StandardHost[localhost].StandardContext[/api/identity/config-mgt/v1.0].File[C:\PROGRA~1\WSO2\IDENTI~1\510~1.0\bin\..\repository\deployment\server\webapps\api#identity#config-mgt#v1.0.war]
TID: [-1234] [api#identity#consent-mgt#v1.0] [2020-07-27 11:21:14,508] []  INFO {org.apache.jasper.servlet.TldScanner} - At least one JAR was scanned for TLDs yet contained no TLDs. Enable debug logging for this logger for a complete list of JARs that were scanned but no TLDs were found in them. Skipping unneeded JARs during scanning can improve startup time and JSP compilation time.
TID: [-1234] [api#identity#consent-mgt#v1.0] [2020-07-27 11:21:16,785] []  INFO {org.wso2.carbon.webapp.mgt.TomcatGenericWebappsDeployer} - Deployed webapp: StandardEngine[Catalina].StandardHost[localhost].StandardContext[/api/identity/consent-mgt/v1.0].File[C:\PROGRA~1\WSO2\IDENTI~1\510~1.0\bin\..\repository\deployment\server\webapps\api#identity#consent-mgt#v1.0.war]
TID: [-1234] [api#identity#entitlement] [2020-07-27 11:21:18,277] []  INFO {org.apache.jasper.servlet.TldScanner} - At least one JAR was scanned for TLDs yet contained no TLDs. Enable debug logging for this logger for a complete list of JARs that were scanned but no TLDs were found in them. Skipping unneeded JARs during scanning can improve startup time and JSP compilation time.
TID: [-1234] [api#identity#entitlement] [2020-07-27 11:21:20,657] []  INFO {org.reflections.Reflections} - Reflections took 158 ms to scan 1 urls, producing 50 keys and 77 values 
TID: [-1234] [api#identity#entitlement] [2020-07-27 11:21:21,744] []  INFO {org.wso2.carbon.webapp.mgt.TomcatGenericWebappsDeployer} - Deployed webapp: StandardEngine[Catalina].StandardHost[localhost].StandardContext[/api/identity/entitlement].File[C:\PROGRA~1\WSO2\IDENTI~1\510~1.0\bin\..\repository\deployment\server\webapps\api#identity#entitlement.war]
TID: [-1234] [api#identity#oauth2#dcr#v1.1] [2020-07-27 11:21:23,207] []  INFO {org.apache.jasper.servlet.TldScanner} - At least one JAR was scanned for TLDs yet contained no TLDs. Enable debug logging for this logger for a complete list of JARs that were scanned but no TLDs were found in them. Skipping unneeded JARs during scanning can improve startup time and JSP compilation time.
TID: [-1234] [api#identity#oauth2#dcr#v1.1] [2020-07-27 11:21:25,458] []  INFO {org.wso2.carbon.webapp.mgt.TomcatGenericWebappsDeployer} - Deployed webapp: StandardEngine[Catalina].StandardHost[localhost].StandardContext[/api/identity/oauth2/dcr/v1.1].File[C:\PROGRA~1\WSO2\IDENTI~1\510~1.0\bin\..\repository\deployment\server\webapps\api#identity#oauth2#dcr#v1.1.war]
TID: [-1234] [api#identity#oauth2#uma#permission#v1.0] [2020-07-27 11:21:26,947] []  INFO {org.apache.jasper.servlet.TldScanner} - At least one JAR was scanned for TLDs yet contained no TLDs. Enable debug logging for this logger for a complete list of JARs that were scanned but no TLDs were found in them. Skipping unneeded JARs during scanning can improve startup time and JSP compilation time.
TID: [-1234] [api#identity#oauth2#uma#permission#v1.0] [2020-07-27 11:21:29,298] []  INFO {org.wso2.carbon.webapp.mgt.TomcatGenericWebappsDeployer} - Deployed webapp: StandardEngine[Catalina].StandardHost[localhost].StandardContext[/api/identity/oauth2/uma/permission/v1.0].File[C:\PROGRA~1\WSO2\IDENTI~1\510~1.0\bin\..\repository\deployment\server\webapps\api#identity#oauth2#uma#permission#v1.0.war]
TID: [-1234] [api#identity#oauth2#uma#resourceregistration#v1.0] [2020-07-27 11:21:30,790] []  INFO {org.apache.jasper.servlet.TldScanner} - At least one JAR was scanned for TLDs yet contained no TLDs. Enable debug logging for this logger for a complete list of JARs that were scanned but no TLDs were found in them. Skipping unneeded JARs during scanning can improve startup time and JSP compilation time.
TID: [-1234] [api#identity#oauth2#uma#resourceregistration#v1.0] [2020-07-27 11:21:32,998] []  INFO {org.wso2.carbon.webapp.mgt.TomcatGenericWebappsDeployer} - Deployed webapp: StandardEngine[Catalina].StandardHost[localhost].StandardContext[/api/identity/oauth2/uma/resourceregistration/v1.0].File[C:\PROGRA~1\WSO2\IDENTI~1\510~1.0\bin\..\repository\deployment\server\webapps\api#identity#oauth2#uma#resourceregistration#v1.0.war]
TID: [-1234] [api#identity#oauth2#v1.0] [2020-07-27 11:21:34,423] []  INFO {org.apache.jasper.servlet.TldScanner} - At least one JAR was scanned for TLDs yet contained no TLDs. Enable debug logging for this logger for a complete list of JARs that were scanned but no TLDs were found in them. Skipping unneeded JARs during scanning can improve startup time and JSP compilation time.
TID: [-1234] [api#identity#oauth2#v1.0] [2020-07-27 11:21:36,531] []  INFO {org.wso2.carbon.webapp.mgt.TomcatGenericWebappsDeployer} - Deployed webapp: StandardEngine[Catalina].StandardHost[localhost].StandardContext[/api/identity/oauth2/v1.0].File[C:\PROGRA~1\WSO2\IDENTI~1\510~1.0\bin\..\repository\deployment\server\webapps\api#identity#oauth2#v1.0.war]
TID: [-1234] [api#identity#recovery#v0.9] [2020-07-27 11:21:37,986] []  INFO {org.apache.jasper.servlet.TldScanner} - At least one JAR was scanned for TLDs yet contained no TLDs. Enable debug logging for this logger for a complete list of JARs that were scanned but no TLDs were found in them. Skipping unneeded JARs during scanning can improve startup time and JSP compilation time.
TID: [-1234] [api#identity#recovery#v0.9] [2020-07-27 11:21:40,142] []  INFO {org.wso2.carbon.webapp.mgt.TomcatGenericWebappsDeployer} - Deployed webapp: StandardEngine[Catalina].StandardHost[localhost].StandardContext[/api/identity/recovery/v0.9].File[C:\PROGRA~1\WSO2\IDENTI~1\510~1.0\bin\..\repository\deployment\server\webapps\api#identity#recovery#v0.9.war]
TID: [-1234] [api#identity#template#mgt#v1.0.0] [2020-07-27 11:21:41,621] []  INFO {org.apache.jasper.servlet.TldScanner} - At least one JAR was scanned for TLDs yet contained no TLDs. Enable debug logging for this logger for a complete list of JARs that were scanned but no TLDs were found in them. Skipping unneeded JARs during scanning can improve startup time and JSP compilation time.
TID: [-1234] [api#identity#template#mgt#v1.0.0] [2020-07-27 11:21:43,120] []  INFO {org.wso2.carbon.webapp.mgt.TomcatGenericWebappsDeployer} - Deployed webapp: StandardEngine[Catalina].StandardHost[localhost].StandardContext[/api/identity/template/mgt/v1.0.0].File[C:\PROGRA~1\WSO2\IDENTI~1\510~1.0\bin\..\repository\deployment\server\webapps\api#identity#template#mgt#v1.0.0.war]
TID: [-1234] [api#identity#user#v1.0] [2020-07-27 11:21:44,576] []  INFO {org.apache.jasper.servlet.TldScanner} - At least one JAR was scanned for TLDs yet contained no TLDs. Enable debug logging for this logger for a complete list of JARs that were scanned but no TLDs were found in them. Skipping unneeded JARs during scanning can improve startup time and JSP compilation time.
TID: [-1234] [api#identity#user#v1.0] [2020-07-27 11:21:46,823] []  INFO {org.wso2.carbon.webapp.mgt.TomcatGenericWebappsDeployer} - Deployed webapp: StandardEngine[Catalina].StandardHost[localhost].StandardContext[/api/identity/user/v1.0].File[C:\PROGRA~1\WSO2\IDENTI~1\510~1.0\bin\..\repository\deployment\server\webapps\api#identity#user#v1.0.war]
TID: [-1234] [api#users#v2#me#webauthn] [2020-07-27 11:21:48,514] []  INFO {org.apache.jasper.servlet.TldScanner} - At least one JAR was scanned for TLDs yet contained no TLDs. Enable debug logging for this logger for a complete list of JARs that were scanned but no TLDs were found in them. Skipping unneeded JARs during scanning can improve startup time and JSP compilation time.
TID: [-1234] [api#users#v2#me#webauthn] [2020-07-27 11:21:51,032] []  INFO {org.wso2.carbon.webapp.mgt.TomcatGenericWebappsDeployer} - Deployed webapp: StandardEngine[Catalina].StandardHost[localhost].StandardContext[/api/users/v2/me/webauthn].File[C:\PROGRA~1\WSO2\IDENTI~1\510~1.0\bin\..\repository\deployment\server\webapps\api#users#v2#me#webauthn.war]
TID: [-1234] [authenticationendpoint] [2020-07-27 11:21:52,823] []  INFO {org.apache.jasper.servlet.TldScanner} - At least one JAR was scanned for TLDs yet contained no TLDs. Enable debug logging for this logger for a complete list of JARs that were scanned but no TLDs were found in them. Skipping unneeded JARs during scanning can improve startup time and JSP compilation time.
TID: [-1234] [authenticationendpoint] [2020-07-27 11:21:52,853] []  INFO {org.wso2.carbon.identity.application.authentication.endpoint.util.TenantDataManager} - EndpointConfig.properties file loaded from ./repository/conf/identity/EndpointConfig.properties
TID: [-1234] [authenticationendpoint] [2020-07-27 11:21:52,859] []  INFO {org.wso2.carbon.identity.application.authentication.endpoint.util.MutualSSLManager} - EndpointConfig.properties file loaded from ./repository/conf/identity/EndpointConfig.properties
TID: [-1234] [authenticationendpoint] [2020-07-27 11:21:52,948] []  INFO {org.wso2.carbon.identity.application.authentication.endpoint.util.EndpointConfigManager} - EndpointConfig.properties file loaded from ./repository/conf/identity/EndpointConfig.properties
TID: [-1234] [authenticationendpoint] [2020-07-27 11:21:53,320] []  INFO {org.wso2.carbon.webapp.mgt.TomcatGenericWebappsDeployer} - Deployed webapp: StandardEngine[Catalina].StandardHost[localhost].StandardContext[/authenticationendpoint].File[C:\PROGRA~1\WSO2\IDENTI~1\510~1.0\bin\..\repository\deployment\server\webapps\authenticationendpoint]
TID: [-1234] [emailotpauthenticationendpoint] [2020-07-27 11:21:54,672] []  INFO {org.apache.jasper.servlet.TldScanner} - At least one JAR was scanned for TLDs yet contained no TLDs. Enable debug logging for this logger for a complete list of JARs that were scanned but no TLDs were found in them. Skipping unneeded JARs during scanning can improve startup time and JSP compilation time.
TID: [-1234] [emailotpauthenticationendpoint] [2020-07-27 11:21:54,696] []  INFO {org.wso2.carbon.webapp.mgt.TomcatGenericWebappsDeployer} - Deployed webapp: StandardEngine[Catalina].StandardHost[localhost].StandardContext[/emailotpauthenticationendpoint].File[C:\PROGRA~1\WSO2\IDENTI~1\510~1.0\bin\..\repository\deployment\server\webapps\emailotpauthenticationendpoint.war]
TID: [-1234] [mex] [2020-07-27 11:21:55,916] []  INFO {org.apache.jasper.servlet.TldScanner} - At least one JAR was scanned for TLDs yet contained no TLDs. Enable debug logging for this logger for a complete list of JARs that were scanned but no TLDs were found in them. Skipping unneeded JARs during scanning can improve startup time and JSP compilation time.
TID: [-1234] [mex] [2020-07-27 11:21:55,922] []  INFO {org.wso2.carbon.webapp.mgt.TomcatGenericWebappsDeployer} - Deployed webapp: StandardEngine[Catalina].StandardHost[localhost].StandardContext[/mex].File[C:\PROGRA~1\WSO2\IDENTI~1\510~1.0\bin\..\repository\deployment\server\webapps\mex]
TID: [-1234] [mexut] [2020-07-27 11:21:57,162] []  INFO {org.apache.jasper.servlet.TldScanner} - At least one JAR was scanned for TLDs yet contained no TLDs. Enable debug logging for this logger for a complete list of JARs that were scanned but no TLDs were found in them. Skipping unneeded JARs during scanning can improve startup time and JSP compilation time.
TID: [-1234] [mexut] [2020-07-27 11:21:59,623] []  INFO {org.wso2.carbon.webapp.mgt.TomcatGenericWebappsDeployer} - Deployed webapp: StandardEngine[Catalina].StandardHost[localhost].StandardContext[/mexut].File[C:\PROGRA~1\WSO2\IDENTI~1\510~1.0\bin\..\repository\deployment\server\webapps\mexut.war]
TID: [-1234] [oauth2] [2020-07-27 11:22:01,093] []  INFO {org.apache.jasper.servlet.TldScanner} - At least one JAR was scanned for TLDs yet contained no TLDs. Enable debug logging for this logger for a complete list of JARs that were scanned but no TLDs were found in them. Skipping unneeded JARs during scanning can improve startup time and JSP compilation time.
TID: [-1234] [oauth2] [2020-07-27 11:22:04,099] []  INFO {org.wso2.carbon.webapp.mgt.TomcatGenericWebappsDeployer} - Deployed webapp: StandardEngine[Catalina].StandardHost[localhost].StandardContext[/oauth2].File[C:\PROGRA~1\WSO2\IDENTI~1\510~1.0\bin\..\repository\deployment\server\webapps\oauth2.war]
TID: [-1234] [scim2] [2020-07-27 11:22:05,291] []  INFO {org.apache.jasper.servlet.TldScanner} - At least one JAR was scanned for TLDs yet contained no TLDs. Enable debug logging for this logger for a complete list of JARs that were scanned but no TLDs were found in them. Skipping unneeded JARs during scanning can improve startup time and JSP compilation time.
TID: [-1234] [scim2] [2020-07-27 11:22:07,324] []  INFO {org.wso2.carbon.webapp.mgt.TomcatGenericWebappsDeployer} - Deployed webapp: StandardEngine[Catalina].StandardHost[localhost].StandardContext[/scim2].File[C:\PROGRA~1\WSO2\IDENTI~1\510~1.0\bin\..\repository\deployment\server\webapps\scim2.war]
TID: [-1234] [smsotpauthenticationendpoint] [2020-07-27 11:22:08,505] []  INFO {org.apache.jasper.servlet.TldScanner} - At least one JAR was scanned for TLDs yet contained no TLDs. Enable debug logging for this logger for a complete list of JARs that were scanned but no TLDs were found in them. Skipping unneeded JARs during scanning can improve startup time and JSP compilation time.
TID: [-1234] [smsotpauthenticationendpoint] [2020-07-27 11:22:08,512] []  INFO {org.wso2.carbon.webapp.mgt.TomcatGenericWebappsDeployer} - Deployed webapp: StandardEngine[Catalina].StandardHost[localhost].StandardContext[/smsotpauthenticationendpoint].File[C:\PROGRA~1\WSO2\IDENTI~1\510~1.0\bin\..\repository\deployment\server\webapps\smsotpauthenticationendpoint.war]
TID: [-1234] [totpauthenticationendpoint] [2020-07-27 11:22:09,848] []  INFO {org.apache.jasper.servlet.TldScanner} - At least one JAR was scanned for TLDs yet contained no TLDs. Enable debug logging for this logger for a complete list of JARs that were scanned but no TLDs were found in them. Skipping unneeded JARs during scanning can improve startup time and JSP compilation time.
TID: [-1234] [totpauthenticationendpoint] [2020-07-27 11:22:09,872] []  INFO {org.wso2.carbon.identity.application.authentication.endpoint.util.TenantDataManager} - EndpointConfig.properties file loaded from ./repository/conf/identity/EndpointConfig.properties
TID: [-1234] [totpauthenticationendpoint] [2020-07-27 11:22:09,879] []  INFO {org.wso2.carbon.identity.application.authentication.endpoint.util.MutualSSLManager} - EndpointConfig.properties file loaded from ./repository/conf/identity/EndpointConfig.properties
TID: [-1234] [totpauthenticationendpoint] [2020-07-27 11:22:09,922] []  INFO {org.wso2.carbon.identity.application.authentication.endpoint.util.EndpointConfigManager} - EndpointConfig.properties file loaded from ./repository/conf/identity/EndpointConfig.properties
TID: [-1234] [totpauthenticationendpoint] [2020-07-27 11:22:09,959] []  INFO {org.wso2.carbon.webapp.mgt.TomcatGenericWebappsDeployer} - Deployed webapp: StandardEngine[Catalina].StandardHost[localhost].StandardContext[/totpauthenticationendpoint].File[C:\PROGRA~1\WSO2\IDENTI~1\510~1.0\bin\..\repository\deployment\server\webapps\totpauthenticationendpoint.war]
TID: [-1234] [user-portal] [2020-07-27 11:22:11,341] []  INFO {org.apache.jasper.servlet.TldScanner} - At least one JAR was scanned for TLDs yet contained no TLDs. Enable debug logging for this logger for a complete list of JARs that were scanned but no TLDs were found in them. Skipping unneeded JARs during scanning can improve startup time and JSP compilation time.
TID: [-1234] [user-portal] [2020-07-27 11:22:11,367] []  INFO {org.wso2.carbon.webapp.mgt.TomcatGenericWebappsDeployer} - Deployed webapp: StandardEngine[Catalina].StandardHost[localhost].StandardContext[/user-portal].File[C:\PROGRA~1\WSO2\IDENTI~1\510~1.0\bin\..\repository\deployment\server\webapps\user-portal]
TID: [-1234] [wso2] [2020-07-27 11:22:12,632] []  INFO {org.apache.jasper.servlet.TldScanner} - At least one JAR was scanned for TLDs yet contained no TLDs. Enable debug logging for this logger for a complete list of JARs that were scanned but no TLDs were found in them. Skipping unneeded JARs during scanning can improve startup time and JSP compilation time.
TID: [-1234] [wso2] [2020-07-27 11:22:14,876] []  INFO {org.wso2.carbon.webapp.mgt.TomcatGenericWebappsDeployer} - Deployed webapp: StandardEngine[Catalina].StandardHost[localhost].StandardContext[/wso2].File[C:\PROGRA~1\WSO2\IDENTI~1\510~1.0\bin\..\repository\deployment\server\webapps\wso2.war]
TID: [-1234] [x509certificateauthenticationendpoint] [2020-07-27 11:22:17,203] []  INFO {org.apache.jasper.servlet.TldScanner} - At least one JAR was scanned for TLDs yet contained no TLDs. Enable debug logging for this logger for a complete list of JARs that were scanned but no TLDs were found in them. Skipping unneeded JARs during scanning can improve startup time and JSP compilation time.
TID: [-1234] [x509certificateauthenticationendpoint] [2020-07-27 11:22:17,218] []  INFO {org.wso2.carbon.webapp.mgt.TomcatGenericWebappsDeployer} - Deployed webapp: StandardEngine[Catalina].StandardHost[localhost].StandardContext[/x509certificateauthenticationendpoint].File[C:\PROGRA~1\WSO2\IDENTI~1\510~1.0\bin\..\repository\deployment\server\webapps\x509certificateauthenticationendpoint.war]
TID: [-1234] [] [2020-07-27 11:22:17,223] []  INFO {org.wso2.carbon.humantask.core.HumanTaskSchedulerInitializer} - Starting HumanTasks Scheduler
TID: [-1234] [] [2020-07-27 11:22:17,241] []  INFO {openjpa.Runtime} - Starting OpenJPA 2.2.0-wso2v1
TID: [-1234] [] [2020-07-27 11:22:17,335] []  INFO {openjpa.jdbc.JDBC} - Using dictionary class "org.apache.openjpa.jdbc.sql.H2Dictionary".
TID: [-1234] [] [2020-07-27 11:22:18,446] []  INFO {org.wso2.carbon.core.transports.http.HttpTransportListener} - HTTP port        : 9763
TID: [-1234] [] [2020-07-27 11:22:18,447] []  INFO {org.wso2.carbon.core.transports.http.HttpsTransportListener} - HTTPS port       : 9443
TID: [-1234] [] [2020-07-27 11:22:18,595] []  WARN {org.apache.tomcat.util.net.SSLUtilBase} - jsseUtil.trustedCertNotValid
TID: [-1234] [] [2020-07-27 11:22:18,598] []  WARN {org.apache.tomcat.util.net.SSLUtilBase} - jsseUtil.trustedCertNotValid
TID: [-1234] [] [2020-07-27 11:22:18,601] []  WARN {org.apache.tomcat.util.net.SSLUtilBase} - jsseUtil.trustedCertNotValid
TID: [-1234] [] [2020-07-27 11:22:18,603] []  WARN {org.apache.tomcat.util.net.SSLUtilBase} - jsseUtil.trustedCertNotValid
TID: [-1234] [] [2020-07-27 11:22:18,670] []  INFO {org.wso2.carbon.bpel.core.ode.integration.BPELSchedulerInitializer} - Starting BPS Scheduler
TID: [-1] [] [2020-07-27 11:22:18,673] []  INFO {org.wso2.callhome.internal.CallHomeObserver} - 
...............................................................................
There are 87 updates available for the product 'wso2is-5.10.0'.[WARNING] There
are 14 critical security updates for the product 'wso2is-5.10.0'. WSO2 strongly
recommends to apply these updates in production as soon as possible.
...............................................................................
TID: [-1234] [] [2020-07-27 11:22:18,677] []  INFO {openjpa.Runtime} - Starting OpenJPA 2.2.0-wso2v1
TID: [-1234] [] [2020-07-27 11:22:18,680] []  INFO {openjpa.jdbc.JDBC} - Using dictionary class "org.apache.openjpa.jdbc.sql.H2Dictionary" (H2 1.4.199 (2019-03-13) ,H2 JDBC Driver 1.4.199 (2019-03-13)).
TID: [-1234] [] [2020-07-27 11:22:18,795] []  INFO {org.wso2.carbon.core.internal.StartupFinalizerServiceComponent} - Server           :  WSO2 Identity Server-5.10.0
TID: [-1234] [] [2020-07-27 11:22:18,799] []  INFO {org.wso2.carbon.core.internal.StartupFinalizerServiceComponent} - WSO2 Carbon started in 161 sec
TID: [-1234] [] [2020-07-27 11:22:19,606] []  INFO {org.apache.jasper.servlet.TldScanner} - At least one JAR was scanned for TLDs yet contained no TLDs. Enable debug logging for this logger for a complete list of JARs that were scanned but no TLDs were found in them. Skipping unneeded JARs during scanning can improve startup time and JSP compilation time.
TID: [-1234] [] [2020-07-27 11:22:19,687] []  INFO {org.wso2.carbon.ui.internal.CarbonUIServiceComponent} - Mgt Console URL  : https://localhost:9443/carbon/
TID: [-1234] [] [2020-07-27 11:23:48,151] [3264aef9-991c-4774-8e35-5d306c51f273]  INFO {org.wso2.carbon.core.services.util.CarbonAuthenticationUtil} - 'admin@carbon.super [-1234]' logged in at [2020-07-27 11:23:48,151+0530]
TID: [-1234] [] [2020-07-27 11:26:43,273] [78655380-cd37-4585-8b35-9a00a996072f]  INFO {org.wso2.carbon.identity.oauth.config.OAuthServerConfiguration} - An instance of org.wso2.carbon.identity.oauth2.token.OauthTokenIssuerImpl is created for Identity OAuth token generation.
TID: [-1234] [] [2020-07-27 11:26:43,286] [78655380-cd37-4585-8b35-9a00a996072f]  INFO {org.opensaml.core.config.InitializationService} - Initializing OpenSAML using the Java Services API
TID: [-1234] [] [2020-07-27 13:19:24,519] [da27ff81-4e03-47b4-905c-dd4773c386bf]  WARN {org.wso2.carbon.server.admin.module.handler.AuthenticationHandler} - Illegal access attempt at [2020-07-27 13:19:24,0517] from IP address null while trying to authenticate access to service IdentitySAMLSSOConfigService
TID: [-1234] [] [2020-07-27 13:19:24,577] [da27ff81-4e03-47b4-905c-dd4773c386bf] ERROR {org.wso2.carbon.identity.sso.saml.ui.client.SAMLSSOConfigServiceClient} - Error when removing the service provider org.apache.axis2.AxisFault: The input stream for an incoming message is null.
	at org.apache.axis2.transport.TransportUtils.createSOAPMessage(TransportUtils.java:93)
	at org.apache.axis2.transport.TransportUtils.createSOAPMessage(TransportUtils.java:68)
	at org.apache.axis2.description.OutInAxisOperationClient.handleResponse(OutInAxisOperation.java:352)
	at org.apache.axis2.description.OutInAxisOperationClient.send(OutInAxisOperation.java:457)
	at org.apache.axis2.description.OutInAxisOperationClient.executeImpl(OutInAxisOperation.java:228)
	at org.apache.axis2.client.OperationClient.execute(OperationClient.java:149)
	at org.wso2.carbon.identity.sso.saml.stub.IdentitySAMLSSOConfigServiceStub.removeServiceProvider(IdentitySAMLSSOConfigServiceStub.java:1692)
	at org.wso2.carbon.identity.sso.saml.ui.client.SAMLSSOConfigServiceClient.removeServiceProvier(SAMLSSOConfigServiceClient.java:152)
	at org.apache.jsp.sso_002dsaml.add_005fservice_005fprovider_005ffinish_002dajaxprocessor_jsp._jspService(add_005fservice_005fprovider_005ffinish_002dajaxprocessor_jsp.java:420)
	at org.apache.jasper.runtime.HttpJspBase.service(HttpJspBase.java:70)
	at javax.servlet.http.HttpServlet.service(HttpServlet.java:741)
	at org.apache.jasper.servlet.JspServletWrapper.service(JspServletWrapper.java:477)
	at org.apache.jasper.servlet.JspServlet.serviceJspFile(JspServlet.java:385)
	at org.apache.jasper.servlet.JspServlet.service(JspServlet.java:329)
	at javax.servlet.http.HttpServlet.service(HttpServlet.java:741)
	at org.wso2.carbon.ui.JspServlet.service(JspServlet.java:207)
	at org.wso2.carbon.ui.TilesJspServlet.service(TilesJspServlet.java:80)
	at javax.servlet.http.HttpServlet.service(HttpServlet.java:741)
	at org.eclipse.equinox.http.helper.ContextPathServletAdaptor.service(ContextPathServletAdaptor.java:37)
	at org.eclipse.equinox.http.servlet.internal.ServletRegistration.service(ServletRegistration.java:61)
	at org.eclipse.equinox.http.servlet.internal.ProxyServlet.processAlias(ProxyServlet.java:128)
	at org.eclipse.equinox.http.servlet.internal.ProxyServlet.service(ProxyServlet.java:68)
	at javax.servlet.http.HttpServlet.service(HttpServlet.java:741)
	at org.wso2.carbon.tomcat.ext.servlet.DelegationServlet.service(DelegationServlet.java:68)
	at org.apache.catalina.core.ApplicationFilterChain.internalDoFilter(ApplicationFilterChain.java:231)
	at org.apache.catalina.core.ApplicationFilterChain.doFilter(ApplicationFilterChain.java:166)
	at org.apache.tomcat.websocket.server.WsFilter.doFilter(WsFilter.java:53)
	at org.apache.catalina.core.ApplicationFilterChain.internalDoFilter(ApplicationFilterChain.java:193)
	at org.apache.catalina.core.ApplicationFilterChain.doFilter(ApplicationFilterChain.java:166)
	at org.owasp.csrfguard.CsrfGuardFilter.doFilter(CsrfGuardFilter.java:72)
	at org.apache.catalina.core.ApplicationFilterChain.internalDoFilter(ApplicationFilterChain.java:193)
	at org.apache.catalina.core.ApplicationFilterChain.doFilter(ApplicationFilterChain.java:166)
	at org.apache.catalina.filters.HttpHeaderSecurityFilter.doFilter(HttpHeaderSecurityFilter.java:126)
	at org.apache.catalina.core.ApplicationFilterChain.internalDoFilter(ApplicationFilterChain.java:193)
	at org.apache.catalina.core.ApplicationFilterChain.doFilter(ApplicationFilterChain.java:166)
	at org.wso2.carbon.tomcat.ext.filter.CharacterSetFilter.doFilter(CharacterSetFilter.java:65)
	at org.apache.catalina.core.ApplicationFilterChain.internalDoFilter(ApplicationFilterChain.java:193)
	at org.apache.catalina.core.ApplicationFilterChain.doFilter(ApplicationFilterChain.java:166)
	at org.apache.catalina.filters.HttpHeaderSecurityFilter.doFilter(HttpHeaderSecurityFilter.java:126)
	at org.apache.catalina.core.ApplicationFilterChain.internalDoFilter(ApplicationFilterChain.java:193)
	at org.apache.catalina.core.ApplicationFilterChain.doFilter(ApplicationFilterChain.java:166)
	at org.apache.catalina.core.StandardWrapperValve.invoke(StandardWrapperValve.java:202)
	at org.apache.catalina.core.StandardContextValve.invoke(StandardContextValve.java:96)
	at org.apache.catalina.authenticator.AuthenticatorBase.invoke(AuthenticatorBase.java:541)
	at org.apache.catalina.core.StandardHostValve.invoke(StandardHostValve.java:139)
	at org.apache.catalina.valves.ErrorReportValve.invoke(ErrorReportValve.java:92)
	at org.wso2.carbon.identity.context.rewrite.valve.TenantContextRewriteValve.invoke(TenantContextRewriteValve.java:86)
	at org.wso2.carbon.identity.authz.valve.AuthorizationValve.invoke(AuthorizationValve.java:110)
	at org.wso2.carbon.identity.auth.valve.AuthenticationValve.invoke(AuthenticationValve.java:75)
	at org.wso2.carbon.tomcat.ext.valves.CompositeValve.continueInvocation(CompositeValve.java:99)
	at org.wso2.carbon.tomcat.ext.valves.TomcatValveContainer.invokeValves(TomcatValveContainer.java:49)
	at org.wso2.carbon.tomcat.ext.valves.CompositeValve.invoke(CompositeValve.java:62)
	at org.wso2.carbon.tomcat.ext.valves.CarbonStuckThreadDetectionValve.invoke(CarbonStuckThreadDetectionValve.java:145)
	at org.apache.catalina.valves.AbstractAccessLogValve.invoke(AbstractAccessLogValve.java:688)
	at org.wso2.carbon.tomcat.ext.valves.CarbonContextCreatorValve.invoke(CarbonContextCreatorValve.java:57)
	at org.wso2.carbon.tomcat.ext.valves.RequestEncodingValve.invoke(RequestEncodingValve.java:49)
	at org.wso2.carbon.tomcat.ext.valves.RequestCorrelationIdValve.invoke(RequestCorrelationIdValve.java:119)
	at org.apache.catalina.core.StandardEngineValve.invoke(StandardEngineValve.java:74)
	at org.apache.catalina.connector.CoyoteAdapter.service(CoyoteAdapter.java:343)
	at org.apache.coyote.http11.Http11Processor.service(Http11Processor.java:367)
	at org.apache.coyote.AbstractProcessorLight.process(AbstractProcessorLight.java:65)
	at org.apache.coyote.AbstractProtocol$ConnectionHandler.process(AbstractProtocol.java:868)
	at org.apache.tomcat.util.net.NioEndpoint$SocketProcessor.doRun(NioEndpoint.java:1639)
	at org.apache.tomcat.util.net.SocketProcessorBase.run(SocketProcessorBase.java:49)
	at java.util.concurrent.ThreadPoolExecutor.runWorker(ThreadPoolExecutor.java:1149)
	at java.util.concurrent.ThreadPoolExecutor$Worker.run(ThreadPoolExecutor.java:624)
	at org.apache.tomcat.util.threads.TaskThread$WrappingRunnable.run(TaskThread.java:61)
	at java.lang.Thread.run(Thread.java:748)

TID: [-1234] [] [2020-07-27 13:19:35,172] [54925948-8fc0-4789-ae95-bb7e45b4965f]  INFO {org.wso2.carbon.core.services.util.CarbonAuthenticationUtil} - 'admin@carbon.super [-1234]' logged in at [2020-07-27 13:19:35,171+0530]
TID: [-1234] [] [2020-07-27 13:27:21,881] [b828910f-8b11-4497-ab54-8771ec04c3ee]  INFO {org.opensaml.core.config.InitializationService} - Initializing OpenSAML using the Java Services API
TID: [-1234] [] [2020-07-27 18:47:37,584] [4b1897a9-787b-4f4f-8926-fd241b552174]  INFO {org.wso2.carbon.core.services.util.CarbonAuthenticationUtil} - 'admin@carbon.super [-1234]' logged in at [2020-07-27 18:47:37,582+0530]
TID: [-1234] [] [2020-07-27 18:47:55,390] [4fcdbe51-ac3f-439c-bc0a-a886d325f538]  INFO {org.wso2.carbon.identity.entitlement.policy.finder.CarbonPolicyFinder} - Initializing of policy store is started at :  Mon Jul 27 18:47:55 IST 2020
TID: [-1234] [] [2020-07-27 18:47:55,443] [4fcdbe51-ac3f-439c-bc0a-a886d325f538]  INFO {org.wso2.carbon.identity.entitlement.policy.store.DefaultPolicyDataStore} - Using Global policy combining algorithm that is defined in configuration file.
TID: [-1234] [] [2020-07-27 18:47:55,447] [4fcdbe51-ac3f-439c-bc0a-a886d325f538]  INFO {org.wso2.carbon.identity.entitlement.policy.finder.CarbonPolicyFinder} - Start retrieving policies from org.wso2.carbon.identity.entitlement.policy.store.RegistryPolicyStoreManageModule@6703ffc2 at : Mon Jul 27 18:47:55 IST 2020
TID: [-1234] [] [2020-07-27 18:47:55,452] [4fcdbe51-ac3f-439c-bc0a-a886d325f538]  INFO {org.wso2.carbon.identity.entitlement.policy.finder.CarbonPolicyFinder} - Finish retrieving policies from org.wso2.carbon.identity.entitlement.policy.store.RegistryPolicyStoreManageModule@6703ffc2 at : Mon Jul 27 18:47:55 IST 2020
TID: [-1234] [] [2020-07-27 18:47:55,453] [4fcdbe51-ac3f-439c-bc0a-a886d325f538]  INFO {org.wso2.carbon.identity.entitlement.policy.finder.CarbonPolicyFinder} - Initializing of policy store is finished at :  Mon Jul 27 18:47:55 IST 2020
TID: [-1234] [] [2020-07-27 18:47:56,372] [4fcdbe51-ac3f-439c-bc0a-a886d325f538]  INFO {org.wso2.carbon.identity.entitlement.policy.finder.CarbonPolicyFinder} - Initializing of policy store is started at :  Mon Jul 27 18:47:56 IST 2020
TID: [-1234] [] [2020-07-27 18:47:56,373] [4fcdbe51-ac3f-439c-bc0a-a886d325f538]  INFO {org.wso2.carbon.identity.entitlement.policy.store.DefaultPolicyDataStore} - Using Global policy combining algorithm that is defined in configuration file.
TID: [-1234] [] [2020-07-27 18:47:56,375] [4fcdbe51-ac3f-439c-bc0a-a886d325f538]  INFO {org.wso2.carbon.identity.entitlement.policy.finder.CarbonPolicyFinder} - Start retrieving policies from org.wso2.carbon.identity.entitlement.policy.store.RegistryPolicyStoreManageModule@6703ffc2 at : Mon Jul 27 18:47:56 IST 2020
TID: [-1234] [] [2020-07-27 18:47:56,378] [4fcdbe51-ac3f-439c-bc0a-a886d325f538]  INFO {org.wso2.carbon.identity.entitlement.policy.finder.CarbonPolicyFinder} - Finish retrieving policies from org.wso2.carbon.identity.entitlement.policy.store.RegistryPolicyStoreManageModule@6703ffc2 at : Mon Jul 27 18:47:56 IST 2020
TID: [-1234] [] [2020-07-27 18:47:56,380] [4fcdbe51-ac3f-439c-bc0a-a886d325f538]  INFO {org.wso2.carbon.identity.entitlement.policy.finder.CarbonPolicyFinder} - Initializing of policy store is finished at :  Mon Jul 27 18:47:56 IST 2020
TID: [-1234] [] [2020-07-27 18:48:12,834] [fbe612c2-124d-4188-b587-fcf6b538fb1f]  WARN {javax.mail} - expected resource not found: /META-INF/javamail.default.address.map
TID: [-1234] [] [2020-07-27 19:29:51,511] [7ee8d8b7-98db-4bcf-8cba-66817fb27eb7]  WARN {org.wso2.carbon.server.admin.module.handler.AuthenticationHandler} - Illegal access attempt at [2020-07-27 19:29:51,0511] from IP address null while trying to authenticate access to service OAuthAdminService
TID: [-1234] [] [2020-07-27 19:30:00,739] [346dabde-4a81-4619-819f-892da1de957e]  INFO {org.wso2.carbon.core.services.util.CarbonAuthenticationUtil} - 'admin@carbon.super [-1234]' logged in at [2020-07-27 19:30:00,739+0530]
TID: [-1234] [] [2020-07-27 19:33:25,730] [87cde3ce-ed80-44f2-943f-6831d5ae0b85]  WARN {org.wso2.carbon.identity.sso.saml.validators.SPInitSSOAuthnRequestValidator} - A Service Provider with the Issuer 'travelocity.com' is not registered. Service Provider should be registered in advance.
